Log file open, 09/29/19 21:40:42
LogWindows: Failed to load 'aqProf.dll' (GetLastError=126)
LogWindows: File 'aqProf.dll' does not exist
LogWindows: Failed to load 'VtuneApi.dll' (GetLastError=126)
LogWindows: File 'VtuneApi.dll' does not exist
LogWindows: Failed to load 'VtuneApi32e.dll' (GetLastError=126)
LogWindows: File 'VtuneApi32e.dll' does not exist
LogConsoleResponse: Display: Failed to find resolution value strings in scalability ini. Falling back to default.
LogInit: Display: Running engine for game: ElementsGame
LogPlatformFile: Not using cached read wrapper
LogTaskGraph: Started task graph with 5 named threads and 47 total threads with 3 sets of task threads.
LogStats: Stats thread started at 0.097281
LogD3D11RHI: Loaded GFSDK_Aftermath_Lib.x64.dll
LogICUInternationalization: ICU TimeZone Detection - Raw Offset: -5:00, Platform Override: ''
LogPluginManager: Mounting plugin Paper2D
LogPluginManager: Mounting plugin AISupport
LogPluginManager: Mounting plugin LightPropagationVolume
LogPluginManager: Mounting plugin ActorLayerUtilities
LogPluginManager: Mounting plugin AnimationSharing
LogPluginManager: Mounting plugin CLionSourceCodeAccess
LogPluginManager: Mounting plugin CodeLiteSourceCodeAccess
LogPluginManager: Mounting plugin GitSourceControl
LogPluginManager: Mounting plugin KDevelopSourceCodeAccess
LogPluginManager: Mounting plugin NullSourceCodeAccess
LogPluginManager: Mounting plugin PerforceSourceControl
LogPluginManager: Mounting plugin SubversionSourceControl
LogPluginManager: Mounting plugin UObjectPlugin
LogPluginManager: Mounting plugin VisualStudioCodeSourceCodeAccess
LogPluginManager: Mounting plugin VisualStudioSourceCodeAccess
LogPluginManager: Mounting plugin XCodeSourceCodeAccess
LogPluginManager: Mounting plugin AssetManagerEditor
LogPluginManager: Mounting plugin CryptoKeys
LogPluginManager: Mounting plugin CurveEditorTools
LogPluginManager: Mounting plugin DataValidation
LogPluginManager: Mounting plugin FacialAnimation
LogPluginManager: Mounting plugin GameplayTagsEditor
LogPluginManager: Mounting plugin MacGraphicsSwitching
LogPluginManager: Mounting plugin MaterialAnalyzer
LogPluginManager: Mounting plugin MobileLauncherProfileWizard
LogPluginManager: Mounting plugin PluginBrowser
LogPluginManager: Mounting plugin SpeedTreeImporter
LogPluginManager: Mounting plugin DatasmithContent
LogPluginManager: Mounting plugin VariantManagerContent
LogPluginManager: Mounting plugin AlembicImporter
LogPluginManager: Mounting plugin AutomationUtils
LogPluginManager: Mounting plugin BackChannel
LogPluginManager: Mounting plugin CharacterAI
LogPluginManager: Mounting plugin GeometryCache
LogPluginManager: Mounting plugin HTML5Networking
LogPluginManager: Mounting plugin PlatformCrypto
LogPluginManager: Mounting plugin ProxyLODPlugin
LogPluginManager: Mounting plugin SkeletalReduction
LogPluginManager: Mounting plugin MagicLeap
LogPluginManager: Mounting plugin MagicLeapMedia
LogPluginManager: Mounting plugin AndroidMedia
LogPluginManager: Mounting plugin AvfMedia
LogPluginManager: Mounting plugin ImgMedia
LogPluginManager: Mounting plugin MediaCompositing
LogPluginManager: Mounting plugin MediaPlayerEditor
LogPluginManager: Mounting plugin WebMMedia
LogPluginManager: Mounting plugin WmfMedia
LogPluginManager: Mounting plugin TcpMessaging
LogPluginManager: Mounting plugin UdpMessaging
LogPluginManager: Mounting plugin ActorSequence
LogPluginManager: Mounting plugin LevelSequenceEditor
LogPluginManager: Mounting plugin MatineeToLevelSequence
LogPluginManager: Mounting plugin NetcodeUnitTest
LogPluginManager: Mounting plugin NUTUnrealEngine4
LogPluginManager: Mounting plugin OnlineSubsystemGooglePlay
LogPluginManager: Mounting plugin OnlineSubsystemIOS
LogPluginManager: Mounting plugin OnlineSubsystem
LogPluginManager: Mounting plugin OnlineSubsystemNull
LogPluginManager: Mounting plugin OnlineSubsystemUtils
LogPluginManager: Mounting plugin LauncherChunkInstaller
LogPluginManager: Mounting plugin AndroidDeviceProfileSelector
LogPluginManager: Mounting plugin AndroidMoviePlayer
LogPluginManager: Mounting plugin AndroidPermission
LogPluginManager: Mounting plugin AppleImageUtils
LogPluginManager: Mounting plugin AppleMoviePlayer
LogPluginManager: Mounting plugin ArchVisCharacter
LogPluginManager: Mounting plugin AudioCapture
LogPluginManager: Mounting plugin CableComponent
LogPluginManager: Mounting plugin CustomMeshComponent
LogPluginManager: Mounting plugin EditableMesh
LogPluginManager: Mounting plugin ExampleDeviceProfileSelector
LogPluginManager: Mounting plugin GoogleCloudMessaging
LogPluginManager: Mounting plugin IOSDeviceProfileSelector
LogPluginManager: Mounting plugin LinuxDeviceProfileSelector
LogPluginManager: Mounting plugin LocationServicesBPLibrary
LogPluginManager: Mounting plugin MobilePatchingUtils
LogPluginManager: Mounting plugin OculusVR
LogPluginManager: Mounting plugin PhysXVehicles
LogPluginManager: Mounting plugin ProceduralMeshComponent
LogPluginManager: Mounting plugin RuntimePhysXCooking
LogPluginManager: Mounting plugin SignificanceManager
LogPluginManager: Mounting plugin SteamVR
LogPluginManager: Mounting plugin WebMMoviePlayer
LogPluginManager: Mounting plugin WindowsMoviePlayer
LogPluginManager: Mounting plugin ScreenshotTools
LogInit: Using libcurl 7.55.1-DEV
LogInit:  - built for x86_64-pc-win32
LogInit:  - supports SSL with OpenSSL/1.1.1
LogInit:  - supports HTTP deflate (compression) using libz 1.2.8
LogInit:  - other features:
LogInit:      CURL_VERSION_SSL
LogInit:      CURL_VERSION_LIBZ
LogInit:      CURL_VERSION_IPV6
LogInit:      CURL_VERSION_ASYNCHDNS
LogInit:      CURL_VERSION_LARGEFILE
LogInit:      CURL_VERSION_IDN
LogInit:  CurlRequestOptions (configurable via config and command line):
LogInit:  - bVerifyPeer = true  - Libcurl will verify peer certificate
LogInit:  - bUseHttpProxy = false  - Libcurl will NOT use HTTP proxy
LogInit:  - bDontReuseConnections = false  - Libcurl will reuse connections
LogInit:  - MaxHostConnections = 16  - Libcurl will limit the number of connections to a host
LogInit:  - LocalHostAddr = Default
LogInit:  - BufferSize = 65536
LogOnline: OSS: Creating online subsystem instance for: NULL
LogInit: WinSock: version 1.1 (2.2), MaxSocks=32767, MaxUdp=65467
LogInit: Build: ++UE4+Release-4.23-CL-8386587
LogInit: Engine Version: 4.23.0-8386587+++UE4+Release-4.23
LogInit: Compatible Engine Version: 4.23.0-8386587+++UE4+Release-4.23
LogInit: Net CL: 8386587
LogInit: OS: Windows 10 (Release 1903) (), CPU: AMD Ryzen 7 1700 Eight-Core Processor          , GPU: NVIDIA GeForce GTX 1070 Ti
LogInit: Compiled (64-bit): Aug 31 2019 02:04:44
LogInit: Compiled with Visual C++: 19.16.27030.01
LogInit: Build Configuration: Development
LogInit: Branch Name: ++UE4+Release-4.23
LogInit: Command Line:  -EpicPortal -epicusername=Mincono -epicuserid=36e58b600d5c419b9a48bc65dc384af7 -epiclocale=en-US
LogInit: Base Directory: C:/Program Files/Epic Games/UE_4.23/Engine/Binaries/Win64/
LogInit: Installed Engine Build: 1
LogDevObjectVersion: Number of dev versions registered: 23
LogDevObjectVersion:   Dev-Blueprints (B0D832E4-1F89-4F0D-ACCF-7EB736FD4AA2): 10
LogDevObjectVersion:   Dev-Build (E1C64328-A22C-4D53-A36C-8E866417BD8C): 0
LogDevObjectVersion:   Dev-Core (375EC13C-06E4-48FB-B500-84F0262A717E): 3
LogDevObjectVersion:   Dev-Editor (E4B068ED-F494-42E9-A231-DA0B2E46BB41): 34
LogDevObjectVersion:   Dev-Framework (CFFC743F-43B0-4480-9391-14DF171D2073): 35
LogDevObjectVersion:   Dev-Mobile (B02B49B5-BB20-44E9-A304-32B752E40360): 2
LogDevObjectVersion:   Dev-Networking (A4E4105C-59A1-49B5-A7C5-40C4547EDFEE): 0
LogDevObjectVersion:   Dev-Online (39C831C9-5AE6-47DC-9A44-9C173E1C8E7C): 0
LogDevObjectVersion:   Dev-Physics (78F01B33-EBEA-4F98-B9B4-84EACCB95AA2): 0
LogDevObjectVersion:   Dev-Platform (6631380F-2D4D-43E0-8009-CF276956A95A): 0
LogDevObjectVersion:   Dev-Rendering (12F88B9F-8875-4AFC-A67C-D90C383ABD29): 31
LogDevObjectVersion:   Dev-Sequencer (7B5AE74C-D270-4C10-A958-57980B212A5A): 11
LogDevObjectVersion:   Dev-VR (D7296918-1DD6-4BDD-9DE2-64A83CC13884): 2
LogDevObjectVersion:   Dev-LoadTimes (C2A15278-BFE7-4AFE-6C17-90FF531DF755): 1
LogDevObjectVersion:   Private-Geometry (6EACA3D4-40EC-4CC1-B786-8BED09428FC5): 3
LogDevObjectVersion:   Dev-AnimPhys (29E575DD-E0A3-4627-9D10-D276232CDCEA): 17
LogDevObjectVersion:   Dev-Anim (AF43A65D-7FD3-4947-9873-3E8ED9C1BB05): 2
LogDevObjectVersion:   Dev-ReflectionCapture (6B266CEC-1EC7-4B8F-A30B-E4D90942FC07): 1
LogDevObjectVersion:   Dev-Automation (0DF73D61-A23F-47EA-B727-89E90C41499A): 1
LogDevObjectVersion:   FortniteMain (601D1886-AC64-4F84-AA16-D3DE0DEAC7D6): 27
LogDevObjectVersion:   Dev-Enterprise (9DFFBCD6-494F-0158-E221-12823C92A888): 6
LogDevObjectVersion:   Dev-Niagara (F2AED0AC-9AFE-416F-8664-AA7FFA26D6FC): 1
LogDevObjectVersion:   Dev-Destruction (174F1F0B-B4C6-45A5-B13F-2EE8D0FB917D): 9
LogInit: Presizing for max 16777216 objects, including 0 objects not considered by GC, pre-allocating 0 bytes for permanent pool.
LogInit: Object subsystem initialized
LogConfig: Setting CVar [[con.DebugEarlyDefault:1]]
LogConfig: Setting CVar [[r.setres:1280x720]]
[2019.09.30-01.40.43:167][  0]LogConfig: Setting CVar [[r.VSync:0]]
[2019.09.30-01.40.43:167][  0]LogConfig: Setting CVar [[r.RHICmdBypass:0]]
[2019.09.30-01.40.43:167][  0]LogConfig: Applying CVar settings from Section [/Script/Engine.RendererSettings] File [C:/Users/hanli/Documents/4Elements/ElementsGame/Saved/Config/Windows/Engine.ini]
[2019.09.30-01.40.43:167][  0]LogConfig: Setting CVar [[r.GPUCrashDebugging:0]]
[2019.09.30-01.40.43:167][  0]LogConfig: Setting CVar [[r.DefaultFeature.AmbientOcclusion:0]]
[2019.09.30-01.40.43:167][  0]LogConfig: Setting CVar [[r.DefaultFeature.AmbientOcclusionStaticFraction:0]]
[2019.09.30-01.40.43:167][  0]LogConfig: Setting CVar [[vr.InstancedStereo:1]]
[2019.09.30-01.40.43:167][  0]LogConfig: Setting CVar [[r.SeparateTranslucency:0]]
[2019.09.30-01.40.43:167][  0]LogConfig: Setting CVar [[r.HZBOcclusion:0]]
[2019.09.30-01.40.43:167][  0]LogConfig: Setting CVar [[r.SSR.MaxRoughness:0]]
[2019.09.30-01.40.43:167][  0]LogConfig: Setting CVar [[r.rhicmdbypass:0]]
[2019.09.30-01.40.43:167][  0]LogConfig: Applying CVar settings from Section [/Script/Engine.RendererOverrideSettings] File [C:/Users/hanli/Documents/4Elements/ElementsGame/Saved/Config/Windows/Engine.ini]
[2019.09.30-01.40.43:167][  0]LogConfig: Applying CVar settings from Section [/Script/Engine.StreamingSettings] File [C:/Users/hanli/Documents/4Elements/ElementsGame/Saved/Config/Windows/Engine.ini]
[2019.09.30-01.40.43:167][  0]LogConfig: Setting CVar [[s.MinBulkDataSizeForAsyncLoading:131072]]
[2019.09.30-01.40.43:167][  0]LogConfig: Setting CVar [[s.AsyncLoadingThreadEnabled:0]]
[2019.09.30-01.40.43:167][  0]LogConfig: Setting CVar [[s.EventDrivenLoaderEnabled:1]]
[2019.09.30-01.40.43:167][  0]LogConfig: Setting CVar [[s.WarnIfTimeLimitExceeded:0]]
[2019.09.30-01.40.43:167][  0]LogConfig: Setting CVar [[s.TimeLimitExceededMultiplier:1.5]]
[2019.09.30-01.40.43:167][  0]LogConfig: Setting CVar [[s.TimeLimitExceededMinTime:0.005]]
[2019.09.30-01.40.43:167][  0]LogConfig: Setting CVar [[s.UseBackgroundLevelStreaming:1]]
[2019.09.30-01.40.43:167][  0]LogConfig: Setting CVar [[s.PriorityAsyncLoadingExtraTime:15.0]]
[2019.09.30-01.40.43:167][  0]LogConfig: Setting CVar [[s.LevelStreamingActorsUpdateTimeLimit:5.0]]
[2019.09.30-01.40.43:167][  0]LogConfig: Setting CVar [[s.PriorityLevelStreamingActorsUpdateExtraTime:5.0]]
[2019.09.30-01.40.43:167][  0]LogConfig: Setting CVar [[s.LevelStreamingComponentsRegistrationGranularity:10]]
[2019.09.30-01.40.43:167][  0]LogConfig: Setting CVar [[s.UnregisterComponentsTimeLimit:1.0]]
[2019.09.30-01.40.43:167][  0]LogConfig: Setting CVar [[s.LevelStreamingComponentsUnregistrationGranularity:5]]
[2019.09.30-01.40.43:167][  0]LogConfig: Applying CVar settings from Section [/Script/Engine.GarbageCollectionSettings] File [C:/Users/hanli/Documents/4Elements/ElementsGame/Saved/Config/Windows/Engine.ini]
[2019.09.30-01.40.43:167][  0]LogConfig: Setting CVar [[gc.MaxObjectsNotConsideredByGC:1]]
[2019.09.30-01.40.43:167][  0]LogConfig: Setting CVar [[gc.SizeOfPermanentObjectPool:0]]
[2019.09.30-01.40.43:167][  0]LogConfig: Setting CVar [[gc.FlushStreamingOnGC:0]]
[2019.09.30-01.40.43:167][  0]LogConfig: Setting CVar [[gc.NumRetriesBeforeForcingGC:10]]
[2019.09.30-01.40.43:167][  0]LogConfig: Setting CVar [[gc.AllowParallelGC:1]]
[2019.09.30-01.40.43:167][  0]LogConfig: Setting CVar [[gc.TimeBetweenPurgingPendingKillObjects:61.1]]
[2019.09.30-01.40.43:167][  0]LogConfig: Setting CVar [[gc.MaxObjectsInEditor:16777216]]
[2019.09.30-01.40.43:167][  0]LogConfig: Setting CVar [[gc.IncrementalBeginDestroyEnabled:1]]
[2019.09.30-01.40.43:167][  0]LogConfig: Setting CVar [[gc.CreateGCClusters:1]]
[2019.09.30-01.40.43:167][  0]LogConfig: Setting CVar [[gc.MinGCClusterSize:5]]
[2019.09.30-01.40.43:167][  0]LogConfig: Setting CVar [[gc.ActorClusteringEnabled:0]]
[2019.09.30-01.40.43:167][  0]LogConfig: Setting CVar [[gc.BlueprintClusteringEnabled:0]]
[2019.09.30-01.40.43:167][  0]LogConfig: Setting CVar [[gc.UseDisregardForGCOnDedicatedServers:0]]
[2019.09.30-01.40.43:167][  0]LogConfig: Applying CVar settings from Section [/Script/Engine.NetworkSettings] File [C:/Users/hanli/Documents/4Elements/ElementsGame/Saved/Config/Windows/Engine.ini]
[2019.09.30-01.40.43:167][  0]LogConfig: Applying CVar settings from Section [/Script/UnrealEd.CookerSettings] File [C:/Users/hanli/Documents/4Elements/ElementsGame/Saved/Config/Windows/Engine.ini]
[2019.09.30-01.40.43:172][  0]LogConfig: Applying CVar settings from Section [ViewDistanceQuality@3] File [C:/Users/hanli/Documents/4Elements/ElementsGame/Saved/Config/Windows/Scalability.ini]
[2019.09.30-01.40.43:172][  0]LogConfig: Setting CVar [[r.SkeletalMeshLODBias:0]]
[2019.09.30-01.40.43:172][  0]LogConfig: Setting CVar [[r.ViewDistanceScale:1.0]]
[2019.09.30-01.40.43:172][  0]LogConfig: Applying CVar settings from Section [AntiAliasingQuality@3] File [C:/Users/hanli/Documents/4Elements/ElementsGame/Saved/Config/Windows/Scalability.ini]
[2019.09.30-01.40.43:172][  0]LogConfig: Setting CVar [[r.PostProcessAAQuality:3]]
[2019.09.30-01.40.43:172][  0]LogConfig: Applying CVar settings from Section [ShadowQuality@3] File [C:/Users/hanli/Documents/4Elements/ElementsGame/Saved/Config/Windows/Scalability.ini]
[2019.09.30-01.40.43:172][  0]LogConfig: Setting CVar [[r.LightFunctionQuality:1]]
[2019.09.30-01.40.43:172][  0]LogConfig: Setting CVar [[r.ShadowQuality:5]]
[2019.09.30-01.40.43:172][  0]LogConfig: Setting CVar [[r.Shadow.CSM.MaxCascades:10]]
[2019.09.30-01.40.43:172][  0]LogConfig: Setting CVar [[r.Shadow.MaxResolution:2048]]
[2019.09.30-01.40.43:172][  0]LogConfig: Setting CVar [[r.Shadow.MaxCSMResolution:2048]]
[2019.09.30-01.40.43:172][  0]LogConfig: Setting CVar [[r.Shadow.RadiusThreshold:0.01]]
[2019.09.30-01.40.43:172][  0]LogConfig: Setting CVar [[r.Shadow.DistanceScale:1.0]]
[2019.09.30-01.40.43:172][  0]LogConfig: Setting CVar [[r.Shadow.CSM.TransitionScale:1.0]]
[2019.09.30-01.40.43:172][  0]LogConfig: Setting CVar [[r.Shadow.PreShadowResolutionFactor:1.0]]
[2019.09.30-01.40.43:172][  0]LogConfig: Setting CVar [[r.DistanceFieldShadowing:1]]
[2019.09.30-01.40.43:172][  0]LogConfig: Setting CVar [[r.DistanceFieldAO:1]]
[2019.09.30-01.40.43:172][  0]LogConfig: Setting CVar [[r.AOQuality:2]]
[2019.09.30-01.40.43:172][  0]LogConfig: Setting CVar [[r.VolumetricFog:1]]
[2019.09.30-01.40.43:172][  0]LogConfig: Setting CVar [[r.VolumetricFog.GridPixelSize:8]]
[2019.09.30-01.40.43:173][  0]LogConfig: Setting CVar [[r.VolumetricFog.GridSizeZ:128]]
[2019.09.30-01.40.43:173][  0]LogConfig: Setting CVar [[r.VolumetricFog.HistoryMissSupersampleCount:4]]
[2019.09.30-01.40.43:173][  0]LogConfig: Setting CVar [[r.LightMaxDrawDistanceScale:1]]
[2019.09.30-01.40.43:173][  0]LogConfig: Setting CVar [[r.CapsuleShadows:1]]
[2019.09.30-01.40.43:173][  0]LogConfig: Applying CVar settings from Section [PostProcessQuality@3] File [C:/Users/hanli/Documents/4Elements/ElementsGame/Saved/Config/Windows/Scalability.ini]
[2019.09.30-01.40.43:173][  0]LogConfig: Setting CVar [[r.MotionBlurQuality:0]]
[2019.09.30-01.40.43:173][  0]LogConfig: Setting CVar [[r.AmbientOcclusionMipLevelFactor:0.4]]
[2019.09.30-01.40.43:173][  0]LogConfig: Setting CVar [[r.AmbientOcclusionMaxQuality:100]]
[2019.09.30-01.40.43:173][  0]LogConfig: Setting CVar [[r.AmbientOcclusionLevels:0]]
[2019.09.30-01.40.43:173][  0]LogConfig: Setting CVar [[r.AmbientOcclusionRadiusScale:1.0]]
[2019.09.30-01.40.43:173][  0]LogConfig: Setting CVar [[r.DepthOfFieldQuality:0]]
[2019.09.30-01.40.43:173][  0]LogConfig: Setting CVar [[r.RenderTargetPoolMin:400]]
[2019.09.30-01.40.43:173][  0]LogConfig: Setting CVar [[r.LensFlareQuality:0]]
[2019.09.30-01.40.43:173][  0]LogConfig: Setting CVar [[r.SceneColorFringeQuality:0]]
[2019.09.30-01.40.43:173][  0]LogConfig: Setting CVar [[r.EyeAdaptationQuality:2]]
[2019.09.30-01.40.43:173][  0]LogConfig: Setting CVar [[r.BloomQuality:1]]
[2019.09.30-01.40.43:173][  0]LogConfig: Setting CVar [[r.FastBlurThreshold:0]]
[2019.09.30-01.40.43:173][  0]LogConfig: Setting CVar [[r.Upscale.Quality:3]]
[2019.09.30-01.40.43:173][  0]LogConfig: Setting CVar [[r.Tonemapper.GrainQuantization:1]]
[2019.09.30-01.40.43:173][  0]LogConfig: Setting CVar [[r.LightShaftQuality:1]]
[2019.09.30-01.40.43:173][  0]LogConfig: Setting CVar [[r.Filter.SizeScale:1]]
[2019.09.30-01.40.43:173][  0]LogConfig: Setting CVar [[r.Tonemapper.Quality:5]]
[2019.09.30-01.40.43:173][  0]LogConfig: Setting CVar [[r.DOF.Gather.AccumulatorQuality:1        ; higher gathering accumulator quality]]
[2019.09.30-01.40.43:173][  0]LogConfig: Setting CVar [[r.DOF.Gather.PostfilterMethod:1          ; Median3x3 postfilering method]]
[2019.09.30-01.40.43:173][  0]LogConfig: Setting CVar [[r.DOF.Gather.EnableBokehSettings:0       ; no bokeh simulation when gathering]]
[2019.09.30-01.40.43:173][  0]LogConfig: Setting CVar [[r.DOF.Gather.RingCount:4                 ; medium number of samples when gathering]]
[2019.09.30-01.40.43:173][  0]LogConfig: Setting CVar [[r.DOF.Scatter.ForegroundCompositing:1    ; additive foreground scattering]]
[2019.09.30-01.40.43:173][  0]LogConfig: Setting CVar [[r.DOF.Scatter.BackgroundCompositing:2    ; additive background scattering]]
[2019.09.30-01.40.43:173][  0]LogConfig: Setting CVar [[r.DOF.Scatter.EnableBokehSettings:1      ; bokeh simulation when scattering]]
[2019.09.30-01.40.43:173][  0]LogConfig: Setting CVar [[r.DOF.Scatter.MaxSpriteRatio:0.1         ; only a maximum of 10% of scattered bokeh]]
[2019.09.30-01.40.43:173][  0]LogConfig: Setting CVar [[r.DOF.Recombine.Quality:1                ; cheap slight out of focus]]
[2019.09.30-01.40.43:173][  0]LogConfig: Setting CVar [[r.DOF.Recombine.EnableBokehSettings:0    ; no bokeh simulation on slight out of focus]]
[2019.09.30-01.40.43:173][  0]LogConfig: Setting CVar [[r.DOF.TemporalAAQuality:1                ; more stable temporal accumulation]]
[2019.09.30-01.40.43:173][  0]LogConfig: Setting CVar [[r.DOF.Kernel.MaxForegroundRadius:0.025]]
[2019.09.30-01.40.43:173][  0]LogConfig: Setting CVar [[r.DOF.Kernel.MaxBackgroundRadius:0.025]]
[2019.09.30-01.40.43:173][  0]LogConfig: Applying CVar settings from Section [TextureQuality@3] File [C:/Users/hanli/Documents/4Elements/ElementsGame/Saved/Config/Windows/Scalability.ini]
[2019.09.30-01.40.43:173][  0]LogConfig: Setting CVar [[r.Streaming.MipBias:0]]
[2019.09.30-01.40.43:173][  0]LogConfig: Setting CVar [[r.Streaming.AmortizeCPUToGPUCopy:0]]
[2019.09.30-01.40.43:173][  0]LogConfig: Setting CVar [[r.Streaming.MaxNumTexturesToStreamPerFrame:0]]
[2019.09.30-01.40.43:173][  0]LogConfig: Setting CVar [[r.Streaming.Boost:1]]
[2019.09.30-01.40.43:173][  0]LogConfig: Setting CVar [[r.MaxAnisotropy:8]]
[2019.09.30-01.40.43:173][  0]LogConfig: Setting CVar [[r.Streaming.LimitPoolSizeToVRAM:0]]
[2019.09.30-01.40.43:173][  0]LogConfig: Setting CVar [[r.Streaming.PoolSize:1000]]
[2019.09.30-01.40.43:173][  0]LogConfig: Setting CVar [[r.Streaming.MaxEffectiveScreenSize:0]]
[2019.09.30-01.40.43:173][  0]LogConfig: Applying CVar settings from Section [EffectsQuality@3] File [C:/Users/hanli/Documents/4Elements/ElementsGame/Saved/Config/Windows/Scalability.ini]
[2019.09.30-01.40.43:173][  0]LogConfig: Setting CVar [[r.TranslucencyLightingVolumeDim:4]]
[2019.09.30-01.40.43:173][  0]LogConfig: Setting CVar [[r.RefractionQuality:2]]
[2019.09.30-01.40.43:173][  0]LogConfig: Setting CVar [[r.SSR.Quality:0]]
[2019.09.30-01.40.43:173][  0]LogConfig: Setting CVar [[r.SceneColorFormat:2]]
[2019.09.30-01.40.43:173][  0]LogConfig: Setting CVar [[r.DetailMode:2]]
[2019.09.30-01.40.43:173][  0]LogConfig: Setting CVar [[r.TranslucencyVolumeBlur:0]]
[2019.09.30-01.40.43:173][  0]LogConfig: Setting CVar [[r.MaterialQualityLevel:1 ; High quality]]
[2019.09.30-01.40.43:173][  0]LogConfig: Setting CVar [[r.SSS.Scale:1]]
[2019.09.30-01.40.43:173][  0]LogConfig: Setting CVar [[r.SSS.SampleSet:2]]
[2019.09.30-01.40.43:173][  0]LogConfig: Setting CVar [[r.SSS.Quality:1]]
[2019.09.30-01.40.43:173][  0]LogConfig: Setting CVar [[r.SSS.HalfRes:1]]
[2019.09.30-01.40.43:173][  0]LogConfig: Setting CVar [[r.EmitterSpawnRateScale:1.0]]
[2019.09.30-01.40.43:173][  0]LogConfig: Setting CVar [[r.ParticleLightQuality:2]]
[2019.09.30-01.40.43:173][  0]LogConfig: Applying CVar settings from Section [FoliageQuality@3] File [C:/Users/hanli/Documents/4Elements/ElementsGame/Saved/Config/Windows/Scalability.ini]
[2019.09.30-01.40.43:173][  0]LogConfig: Setting CVar [[foliage.DensityScale:1.0]]
[2019.09.30-01.40.43:174][  0]LogConfig: Setting CVar [[grass.DensityScale:1.0]]
[2019.09.30-01.40.43:174][  0]LogInit: Selected Device Profile: [Windows]
[2019.09.30-01.40.43:174][  0]LogInit: Applying CVar settings loaded from the selected device profile: [Windows]
[2019.09.30-01.40.43:177][  0]LogHAL: Display: Platform has ~ 16 GB [17122779136 / 17179869184 / 16], which maps to Larger [LargestMinGB=32, LargerMinGB=12, DefaultMinGB=8, SmallerMinGB=6, SmallestMinGB=0)
[2019.09.30-01.40.43:177][  0]LogInit: Going up to parent DeviceProfile []
[2019.09.30-01.40.43:178][  0]LogConfig: Applying CVar settings from Section [ViewDistanceQuality@3] File [C:/Users/hanli/Documents/4Elements/ElementsGame/Saved/Config/Windows/Scalability.ini]
[2019.09.30-01.40.43:178][  0]LogConfig: Setting CVar [[r.SkeletalMeshLODBias:0]]
[2019.09.30-01.40.43:178][  0]LogConfig: Setting CVar [[r.ViewDistanceScale:1.0]]
[2019.09.30-01.40.43:178][  0]LogConfig: Applying CVar settings from Section [AntiAliasingQuality@3] File [C:/Users/hanli/Documents/4Elements/ElementsGame/Saved/Config/Windows/Scalability.ini]
[2019.09.30-01.40.43:178][  0]LogConfig: Setting CVar [[r.PostProcessAAQuality:3]]
[2019.09.30-01.40.43:178][  0]LogConfig: Applying CVar settings from Section [ShadowQuality@3] File [C:/Users/hanli/Documents/4Elements/ElementsGame/Saved/Config/Windows/Scalability.ini]
[2019.09.30-01.40.43:178][  0]LogConfig: Setting CVar [[r.LightFunctionQuality:1]]
[2019.09.30-01.40.43:178][  0]LogConfig: Setting CVar [[r.ShadowQuality:5]]
[2019.09.30-01.40.43:178][  0]LogConfig: Setting CVar [[r.Shadow.CSM.MaxCascades:10]]
[2019.09.30-01.40.43:178][  0]LogConfig: Setting CVar [[r.Shadow.MaxResolution:2048]]
[2019.09.30-01.40.43:178][  0]LogConfig: Setting CVar [[r.Shadow.MaxCSMResolution:2048]]
[2019.09.30-01.40.43:178][  0]LogConfig: Setting CVar [[r.Shadow.RadiusThreshold:0.01]]
[2019.09.30-01.40.43:178][  0]LogConfig: Setting CVar [[r.Shadow.DistanceScale:1.0]]
[2019.09.30-01.40.43:178][  0]LogConfig: Setting CVar [[r.Shadow.CSM.TransitionScale:1.0]]
[2019.09.30-01.40.43:178][  0]LogConfig: Setting CVar [[r.Shadow.PreShadowResolutionFactor:1.0]]
[2019.09.30-01.40.43:178][  0]LogConfig: Setting CVar [[r.DistanceFieldShadowing:1]]
[2019.09.30-01.40.43:178][  0]LogConfig: Setting CVar [[r.DistanceFieldAO:1]]
[2019.09.30-01.40.43:178][  0]LogConfig: Setting CVar [[r.AOQuality:2]]
[2019.09.30-01.40.43:178][  0]LogConfig: Setting CVar [[r.VolumetricFog:1]]
[2019.09.30-01.40.43:178][  0]LogConfig: Setting CVar [[r.VolumetricFog.GridPixelSize:8]]
[2019.09.30-01.40.43:178][  0]LogConfig: Setting CVar [[r.VolumetricFog.GridSizeZ:128]]
[2019.09.30-01.40.43:178][  0]LogConfig: Setting CVar [[r.VolumetricFog.HistoryMissSupersampleCount:4]]
[2019.09.30-01.40.43:178][  0]LogConfig: Setting CVar [[r.LightMaxDrawDistanceScale:1]]
[2019.09.30-01.40.43:178][  0]LogConfig: Setting CVar [[r.CapsuleShadows:1]]
[2019.09.30-01.40.43:178][  0]LogConfig: Applying CVar settings from Section [PostProcessQuality@3] File [C:/Users/hanli/Documents/4Elements/ElementsGame/Saved/Config/Windows/Scalability.ini]
[2019.09.30-01.40.43:178][  0]LogConfig: Setting CVar [[r.MotionBlurQuality:0]]
[2019.09.30-01.40.43:178][  0]LogConfig: Setting CVar [[r.AmbientOcclusionMipLevelFactor:0.4]]
[2019.09.30-01.40.43:178][  0]LogConfig: Setting CVar [[r.AmbientOcclusionMaxQuality:100]]
[2019.09.30-01.40.43:178][  0]LogConfig: Setting CVar [[r.AmbientOcclusionLevels:0]]
[2019.09.30-01.40.43:178][  0]LogConfig: Setting CVar [[r.AmbientOcclusionRadiusScale:1.0]]
[2019.09.30-01.40.43:178][  0]LogConfig: Setting CVar [[r.DepthOfFieldQuality:0]]
[2019.09.30-01.40.43:178][  0]LogConfig: Setting CVar [[r.RenderTargetPoolMin:400]]
[2019.09.30-01.40.43:178][  0]LogConfig: Setting CVar [[r.LensFlareQuality:0]]
[2019.09.30-01.40.43:178][  0]LogConfig: Setting CVar [[r.SceneColorFringeQuality:0]]
[2019.09.30-01.40.43:178][  0]LogConfig: Setting CVar [[r.EyeAdaptationQuality:2]]
[2019.09.30-01.40.43:178][  0]LogConfig: Setting CVar [[r.BloomQuality:1]]
[2019.09.30-01.40.43:178][  0]LogConfig: Setting CVar [[r.FastBlurThreshold:0]]
[2019.09.30-01.40.43:178][  0]LogConfig: Setting CVar [[r.Upscale.Quality:3]]
[2019.09.30-01.40.43:178][  0]LogConfig: Setting CVar [[r.Tonemapper.GrainQuantization:1]]
[2019.09.30-01.40.43:178][  0]LogConfig: Setting CVar [[r.LightShaftQuality:1]]
[2019.09.30-01.40.43:178][  0]LogConfig: Setting CVar [[r.Filter.SizeScale:1]]
[2019.09.30-01.40.43:178][  0]LogConfig: Setting CVar [[r.Tonemapper.Quality:5]]
[2019.09.30-01.40.43:178][  0]LogConfig: Setting CVar [[r.DOF.Gather.AccumulatorQuality:1        ; higher gathering accumulator quality]]
[2019.09.30-01.40.43:178][  0]LogConfig: Setting CVar [[r.DOF.Gather.PostfilterMethod:1          ; Median3x3 postfilering method]]
[2019.09.30-01.40.43:178][  0]LogConfig: Setting CVar [[r.DOF.Gather.EnableBokehSettings:0       ; no bokeh simulation when gathering]]
[2019.09.30-01.40.43:178][  0]LogConfig: Setting CVar [[r.DOF.Gather.RingCount:4                 ; medium number of samples when gathering]]
[2019.09.30-01.40.43:178][  0]LogConfig: Setting CVar [[r.DOF.Scatter.ForegroundCompositing:1    ; additive foreground scattering]]
[2019.09.30-01.40.43:178][  0]LogConfig: Setting CVar [[r.DOF.Scatter.BackgroundCompositing:2    ; additive background scattering]]
[2019.09.30-01.40.43:178][  0]LogConfig: Setting CVar [[r.DOF.Scatter.EnableBokehSettings:1      ; bokeh simulation when scattering]]
[2019.09.30-01.40.43:178][  0]LogConfig: Setting CVar [[r.DOF.Scatter.MaxSpriteRatio:0.1         ; only a maximum of 10% of scattered bokeh]]
[2019.09.30-01.40.43:178][  0]LogConfig: Setting CVar [[r.DOF.Recombine.Quality:1                ; cheap slight out of focus]]
[2019.09.30-01.40.43:178][  0]LogConfig: Setting CVar [[r.DOF.Recombine.EnableBokehSettings:0    ; no bokeh simulation on slight out of focus]]
[2019.09.30-01.40.43:178][  0]LogConfig: Setting CVar [[r.DOF.TemporalAAQuality:1                ; more stable temporal accumulation]]
[2019.09.30-01.40.43:178][  0]LogConfig: Setting CVar [[r.DOF.Kernel.MaxForegroundRadius:0.025]]
[2019.09.30-01.40.43:178][  0]LogConfig: Setting CVar [[r.DOF.Kernel.MaxBackgroundRadius:0.025]]
[2019.09.30-01.40.43:178][  0]LogConfig: Applying CVar settings from Section [TextureQuality@3] File [C:/Users/hanli/Documents/4Elements/ElementsGame/Saved/Config/Windows/Scalability.ini]
[2019.09.30-01.40.43:178][  0]LogConfig: Setting CVar [[r.Streaming.MipBias:0]]
[2019.09.30-01.40.43:179][  0]LogConfig: Setting CVar [[r.Streaming.AmortizeCPUToGPUCopy:0]]
[2019.09.30-01.40.43:179][  0]LogConfig: Setting CVar [[r.Streaming.MaxNumTexturesToStreamPerFrame:0]]
[2019.09.30-01.40.43:179][  0]LogConfig: Setting CVar [[r.Streaming.Boost:1]]
[2019.09.30-01.40.43:179][  0]LogConfig: Setting CVar [[r.MaxAnisotropy:8]]
[2019.09.30-01.40.43:179][  0]LogConfig: Setting CVar [[r.Streaming.LimitPoolSizeToVRAM:0]]
[2019.09.30-01.40.43:179][  0]LogConfig: Setting CVar [[r.Streaming.PoolSize:1000]]
[2019.09.30-01.40.43:179][  0]LogConfig: Setting CVar [[r.Streaming.MaxEffectiveScreenSize:0]]
[2019.09.30-01.40.43:179][  0]LogConfig: Applying CVar settings from Section [EffectsQuality@3] File [C:/Users/hanli/Documents/4Elements/ElementsGame/Saved/Config/Windows/Scalability.ini]
[2019.09.30-01.40.43:179][  0]LogConfig: Setting CVar [[r.TranslucencyLightingVolumeDim:4]]
[2019.09.30-01.40.43:179][  0]LogConfig: Setting CVar [[r.RefractionQuality:2]]
[2019.09.30-01.40.43:179][  0]LogConfig: Setting CVar [[r.SSR.Quality:0]]
[2019.09.30-01.40.43:179][  0]LogConfig: Setting CVar [[r.SceneColorFormat:2]]
[2019.09.30-01.40.43:179][  0]LogConfig: Setting CVar [[r.DetailMode:2]]
[2019.09.30-01.40.43:179][  0]LogConfig: Setting CVar [[r.TranslucencyVolumeBlur:0]]
[2019.09.30-01.40.43:179][  0]LogConfig: Setting CVar [[r.MaterialQualityLevel:1 ; High quality]]
[2019.09.30-01.40.43:179][  0]LogConfig: Setting CVar [[r.SSS.Scale:1]]
[2019.09.30-01.40.43:179][  0]LogConfig: Setting CVar [[r.SSS.SampleSet:2]]
[2019.09.30-01.40.43:179][  0]LogConfig: Setting CVar [[r.SSS.Quality:1]]
[2019.09.30-01.40.43:179][  0]LogConfig: Setting CVar [[r.SSS.HalfRes:1]]
[2019.09.30-01.40.43:179][  0]LogConfig: Setting CVar [[r.EmitterSpawnRateScale:1.0]]
[2019.09.30-01.40.43:179][  0]LogConfig: Setting CVar [[r.ParticleLightQuality:2]]
[2019.09.30-01.40.43:179][  0]LogConfig: Applying CVar settings from Section [FoliageQuality@3] File [C:/Users/hanli/Documents/4Elements/ElementsGame/Saved/Config/Windows/Scalability.ini]
[2019.09.30-01.40.43:179][  0]LogConfig: Setting CVar [[foliage.DensityScale:1.0]]
[2019.09.30-01.40.43:179][  0]LogConfig: Setting CVar [[grass.DensityScale:1.0]]
[2019.09.30-01.40.43:179][  0]LogConfig: Applying CVar settings from Section [Startup] File [../../../Engine/Config/ConsoleVariables.ini]
[2019.09.30-01.40.43:179][  0]LogConfig: Setting CVar [[net.UseAdaptiveNetUpdateFrequency:0]]
[2019.09.30-01.40.43:179][  0]LogConfig: Setting CVar [[p.chaos.AllowCreatePhysxBodies:1]]
[2019.09.30-01.40.43:179][  0]LogConfig: Applying CVar settings from Section [ConsoleVariables] File [C:/Users/hanli/Documents/4Elements/ElementsGame/Saved/Config/Windows/Engine.ini]
[2019.09.30-01.40.43:179][  0]LogInit: Computer: DESKTOP-E8OC1EK
[2019.09.30-01.40.43:179][  0]LogInit: User: hanli
[2019.09.30-01.40.43:179][  0]LogInit: CPU Page size=4096, Cores=8
[2019.09.30-01.40.43:179][  0]LogInit: High frequency timer resolution =10.000000 MHz
[2019.09.30-01.40.43:180][  0]LogMemory: Memory total: Physical=15.9GB (16GB approx)
[2019.09.30-01.40.43:180][  0]LogMemory: Platform Memory Stats for Windows
[2019.09.30-01.40.43:180][  0]LogMemory: Process Physical Memory: 109.79 MB used, 109.80 MB peak
[2019.09.30-01.40.43:180][  0]LogMemory: Process Virtual Memory: 109.08 MB used, 109.08 MB peak
[2019.09.30-01.40.43:180][  0]LogMemory: Physical Memory: 8345.27 MB used,  7984.29 MB free, 16329.55 MB total
[2019.09.30-01.40.43:180][  0]LogMemory: Virtual Memory: 4733.11 MB used,  134212992.00 MB free, 134217728.00 MB total
[2019.09.30-01.40.43:183][  0]LogWindows: WindowsPlatformFeatures enabled
[2019.09.30-01.40.43:212][  0]LogInit: Using OS detected language (en-US).
[2019.09.30-01.40.43:212][  0]LogInit: Using OS detected locale (en-US).
[2019.09.30-01.40.43:213][  0]LogTextLocalizationManager: No specific localization for 'en-US' exists, so the 'en' localization will be used.
[2019.09.30-01.40.43:438][  0]LogInit: Setting process to per monitor DPI aware
[2019.09.30-01.40.43:496][  0]LogSlate: New Slate User Created.  User Index 0, Is Virtual User: 0
[2019.09.30-01.40.43:496][  0]LogSlate: Slate User Registered.  User Index 0, Is Virtual User: 0
[2019.09.30-01.40.43:708][  0]LogD3D11RHI: D3D11 adapters:
[2019.09.30-01.40.43:784][  0]LogD3D11RHI:    0. 'NVIDIA GeForce GTX 1070 Ti' (Feature Level 11_0)
[2019.09.30-01.40.43:784][  0]LogD3D11RHI:       8079/0/8164 MB DedicatedVideo/DedicatedSystem/SharedSystem, Outputs:2, VendorId:0x10de
[2019.09.30-01.40.43:787][  0]LogD3D11RHI:    1. 'Microsoft Basic Render Driver' (Feature Level 11_0)
[2019.09.30-01.40.43:787][  0]LogD3D11RHI:       0/0/8164 MB DedicatedVideo/DedicatedSystem/SharedSystem, Outputs:0, VendorId:0x1414
[2019.09.30-01.40.43:787][  0]LogD3D11RHI: Chosen D3D11 Adapter: 0
[2019.09.30-01.40.43:798][  0]LogD3D11RHI: Creating new Direct3DDevice
[2019.09.30-01.40.43:798][  0]LogD3D11RHI:     GPU DeviceId: 0x1b82 (for the marketing name, search the web for "GPU Device Id")
[2019.09.30-01.40.43:798][  0]LogWindows: EnumDisplayDevices:
[2019.09.30-01.40.43:799][  0]LogWindows:    0. 'NVIDIA GeForce GTX 1070 Ti' (P:1 D:1)
[2019.09.30-01.40.43:799][  0]LogWindows:    1. 'NVIDIA GeForce GTX 1070 Ti' (P:0 D:1)
[2019.09.30-01.40.43:799][  0]LogWindows:    2. 'NVIDIA GeForce GTX 1070 Ti' (P:0 D:0)
[2019.09.30-01.40.43:799][  0]LogWindows:    3. 'NVIDIA GeForce GTX 1070 Ti' (P:0 D:0)
[2019.09.30-01.40.43:800][  0]LogWindows: DebugString: FoundDriverCount:4 
[2019.09.30-01.40.43:800][  0]LogD3D11RHI:     Adapter Name: NVIDIA GeForce GTX 1070 Ti
[2019.09.30-01.40.43:800][  0]LogD3D11RHI:   Driver Version: 436.30 (internal:26.21.14.3630, unified:436.30)
[2019.09.30-01.40.43:800][  0]LogD3D11RHI:      Driver Date: 9-5-2019
[2019.09.30-01.40.43:800][  0]LogRHI: Texture pool is 5655 MB (70% of 8079 MB)
[2019.09.30-01.40.43:863][  0]LogD3D11RHI: Async texture creation enabled
[2019.09.30-01.40.43:877][  0]LogD3D11RHI: GPU Timing Frequency: 1000.000000 (Debug: 2 1)
[2019.09.30-01.40.44:219][  0]LogTemp: Display: Module 'AllDesktopTargetPlatform' loaded TargetPlatform 'AllDesktop'
[2019.09.30-01.40.44:232][  0]LogTemp: Display: Module 'MacClientTargetPlatform' loaded TargetPlatform 'MacClient'
[2019.09.30-01.40.44:245][  0]LogTemp: Display: Module 'MacNoEditorTargetPlatform' loaded TargetPlatform 'MacNoEditor'
[2019.09.30-01.40.44:257][  0]LogTemp: Display: Module 'MacServerTargetPlatform' loaded TargetPlatform 'MacServer'
[2019.09.30-01.40.44:272][  0]LogTemp: Display: Module 'MacTargetPlatform' loaded TargetPlatform 'Mac'
[2019.09.30-01.40.44:285][  0]LogTemp: Display: Module 'WindowsClientTargetPlatform' loaded TargetPlatform 'WindowsClient'
[2019.09.30-01.40.44:299][  0]LogTemp: Display: Module 'WindowsNoEditorTargetPlatform' loaded TargetPlatform 'WindowsNoEditor'
[2019.09.30-01.40.44:311][  0]LogTemp: Display: Module 'WindowsServerTargetPlatform' loaded TargetPlatform 'WindowsServer'
[2019.09.30-01.40.44:318][  0]LogTemp: Display: Module 'WindowsTargetPlatform' loaded TargetPlatform 'Windows'
[2019.09.30-01.40.44:362][  0]LogTemp: Display: Module 'AndroidTargetPlatform' loaded TargetPlatform 'Android'
[2019.09.30-01.40.44:362][  0]LogTemp: Display: Module 'AndroidTargetPlatform' loaded TargetPlatform 'Android_ASTC'
[2019.09.30-01.40.44:362][  0]LogTemp: Display: Module 'AndroidTargetPlatform' loaded TargetPlatform 'Android_ATC'
[2019.09.30-01.40.44:362][  0]LogTemp: Display: Module 'AndroidTargetPlatform' loaded TargetPlatform 'Android_DXT'
[2019.09.30-01.40.44:362][  0]LogTemp: Display: Module 'AndroidTargetPlatform' loaded TargetPlatform 'Android_ETC1'
[2019.09.30-01.40.44:362][  0]LogTemp: Display: Module 'AndroidTargetPlatform' loaded TargetPlatform 'Android_ETC1a'
[2019.09.30-01.40.44:362][  0]LogTemp: Display: Module 'AndroidTargetPlatform' loaded TargetPlatform 'Android_ETC2'
[2019.09.30-01.40.44:362][  0]LogTemp: Display: Module 'AndroidTargetPlatform' loaded TargetPlatform 'Android_PVRTC'
[2019.09.30-01.40.44:362][  0]LogTemp: Display: Module 'AndroidTargetPlatform' loaded TargetPlatform 'AndroidClient'
[2019.09.30-01.40.44:362][  0]LogTemp: Display: Module 'AndroidTargetPlatform' loaded TargetPlatform 'Android_ASTCClient'
[2019.09.30-01.40.44:363][  0]LogTemp: Display: Module 'AndroidTargetPlatform' loaded TargetPlatform 'Android_ATCClient'
[2019.09.30-01.40.44:363][  0]LogTemp: Display: Module 'AndroidTargetPlatform' loaded TargetPlatform 'Android_DXTClient'
[2019.09.30-01.40.44:363][  0]LogTemp: Display: Module 'AndroidTargetPlatform' loaded TargetPlatform 'Android_ETC1Client'
[2019.09.30-01.40.44:363][  0]LogTemp: Display: Module 'AndroidTargetPlatform' loaded TargetPlatform 'Android_ETC1aClient'
[2019.09.30-01.40.44:363][  0]LogTemp: Display: Module 'AndroidTargetPlatform' loaded TargetPlatform 'Android_ETC2Client'
[2019.09.30-01.40.44:363][  0]LogTemp: Display: Module 'AndroidTargetPlatform' loaded TargetPlatform 'Android_PVRTCClient'
[2019.09.30-01.40.44:363][  0]LogTemp: Display: Module 'AndroidTargetPlatform' loaded TargetPlatform 'Android_Multi'
[2019.09.30-01.40.44:363][  0]LogTemp: Display: Module 'AndroidTargetPlatform' loaded TargetPlatform 'Android_MultiClient'
[2019.09.30-01.40.44:365][  0]LogTemp: Display: Module 'HTML5TargetPlatform' loaded TargetPlatform 'HTML5'
[2019.09.30-01.40.44:388][  0]LogTemp: Display: Module 'IOSTargetPlatform' loaded TargetPlatform 'IOSClient'
[2019.09.30-01.40.44:388][  0]LogTemp: Display: Module 'IOSTargetPlatform' loaded TargetPlatform 'IOS'
[2019.09.30-01.40.44:406][  0]LogTemp: Display: Module 'TVOSTargetPlatform' loaded TargetPlatform 'TVOSClient'
[2019.09.30-01.40.44:406][  0]LogTemp: Display: Module 'TVOSTargetPlatform' loaded TargetPlatform 'TVOS'
[2019.09.30-01.40.44:415][  0]LogTemp: Display: Module 'LinuxClientTargetPlatform' loaded TargetPlatform 'LinuxClient'
[2019.09.30-01.40.44:424][  0]LogTemp: Display: Module 'LinuxNoEditorTargetPlatform' loaded TargetPlatform 'LinuxNoEditor'
[2019.09.30-01.40.44:433][  0]LogTemp: Display: Module 'LinuxServerTargetPlatform' loaded TargetPlatform 'LinuxServer'
[2019.09.30-01.40.44:443][  0]LogTemp: Display: Module 'LinuxTargetPlatform' loaded TargetPlatform 'Linux'
[2019.09.30-01.40.44:477][  0]LogTemp: Display: Module 'LuminTargetPlatform' loaded TargetPlatform 'Lumin'
[2019.09.30-01.40.44:477][  0]LogTemp: Display: Module 'LuminTargetPlatform' loaded TargetPlatform 'LuminClient'
[2019.09.30-01.40.44:477][  0]LogTargetPlatformManager: Display: Building Assets For Windows
[2019.09.30-01.40.44:489][  0]LogAudioDebug: Display: Lib vorbis DLL was dynamically loaded.
[2019.09.30-01.40.44:562][  0]LogShaderCompilers: Guid format shader working directory is -17 characters bigger than the processId version (../../../../../../Users/hanli/Documents/4Elements/ElementsGame/Intermediate/Shaders/WorkingDirectory/18312/).
[2019.09.30-01.40.44:562][  0]LogShaderCompilers: Cleaned the shader compiler working directory 'C:/Users/hanli/AppData/Local/Temp/UnrealShaderWorkingDir/C1080587479DC8AA79710988EF38FFFF/'.
[2019.09.30-01.40.44:566][  0]LogXGEController: Cannot use XGE Controller as Incredibuild is not installed on this machine.
[2019.09.30-01.40.44:566][  0]LogShaderCompilers: Cannot use XGE Shader Compiler as Incredibuild is not installed on this machine.
[2019.09.30-01.40.44:566][  0]LogShaderCompilers: Display: Using Local Shader Compiler.
[2019.09.30-01.40.45:340][  0]LogDerivedDataCache: Display: Max Cache Size: 512 MB
[2019.09.30-01.40.45:412][  0]LogDerivedDataCache: Loaded boot cache 0.07s 93MB C:/Users/hanli/AppData/Local/UnrealEngine/4.23/DerivedDataCache/Boot.ddc.
[2019.09.30-01.40.45:413][  0]LogDerivedDataCache: Display: Loaded Boot cache: C:/Users/hanli/AppData/Local/UnrealEngine/4.23/DerivedDataCache/Boot.ddc
[2019.09.30-01.40.45:413][  0]LogDerivedDataCache: FDerivedDataBackendGraph:  Pak pak cache file ../../../../../../Users/hanli/Documents/4Elements/ElementsGame/DerivedDataCache/DDC.ddp not found, will not use a pak cache.
[2019.09.30-01.40.45:413][  0]LogDerivedDataCache: Unable to find inner node Pak for hierarchical cache Hierarchy.
[2019.09.30-01.40.45:413][  0]LogDerivedDataCache: FDerivedDataBackendGraph:  CompressedPak pak cache file ../../../../../../Users/hanli/Documents/4Elements/ElementsGame/DerivedDataCache/Compressed.ddp not found, will not use a pak cache.
[2019.09.30-01.40.45:413][  0]LogDerivedDataCache: Unable to find inner node CompressedPak for hierarchical cache Hierarchy.
[2019.09.30-01.40.45:429][  0]LogDerivedDataCache: Display: Pak cache opened for reading ../../../Engine/DerivedDataCache/Compressed.ddp.
[2019.09.30-01.40.45:429][  0]LogDerivedDataCache: FDerivedDataBackendGraph:  EnterprisePak pak cache file ../../../Enterprise/DerivedDataCache/Compressed.ddp not found, will not use a pak cache.
[2019.09.30-01.40.45:429][  0]LogDerivedDataCache: Unable to find inner node EnterprisePak for hierarchical cache Hierarchy.
[2019.09.30-01.40.45:431][  0]LogDerivedDataCache: Using Local data cache path C:/Users/hanli/AppData/Local/UnrealEngine/Common/DerivedDataCache: Writable
[2019.09.30-01.40.45:431][  0]LogDerivedDataCache: Shared data cache path not found in *engine.ini, will not use an Shared cache.
[2019.09.30-01.40.45:431][  0]LogDerivedDataCache: Unable to find inner node Shared for hierarchical cache Hierarchy.
[2019.09.30-01.40.45:459][  0]LogMaterial: Verifying Global Shaders for PCD3D_SM5
[2019.09.30-01.40.45:462][  0]LogSlate: Using FreeType 2.6.0
[2019.09.30-01.40.45:463][  0]LogSlate: SlateFontServices - WITH_FREETYPE: 1, WITH_HARFBUZZ: 1
[2019.09.30-01.40.45:535][  0]LogAssetRegistry: FAssetRegistry took 0.0032 seconds to start up
[2019.09.30-01.40.45:910][  0]LogInit: Selected Device Profile: [Windows]
[2019.09.30-01.40.46:091][  0]LogMeshReduction: Using QuadricMeshReduction for automatic static mesh reduction
[2019.09.30-01.40.46:091][  0]LogMeshReduction: Using SimplygonMeshReduction for automatic skeletal mesh reduction
[2019.09.30-01.40.46:091][  0]LogMeshReduction: Using ProxyLODMeshReduction for automatic mesh merging
[2019.09.30-01.40.46:091][  0]LogMeshReduction: No distributed automatic mesh merging module available
[2019.09.30-01.40.46:091][  0]LogMeshMerging: No distributed automatic mesh merging module available
[2019.09.30-01.40.46:102][  0]LogNetVersion: ElementsGame 1.0.0, NetCL: 8386587, EngineNetVer: 11, GameNetVer: 0 (Checksum: 292868701)
[2019.09.30-01.40.46:642][  0]LogPackageLocalizationCache: Processed 12 localized package path(s) for 1 prioritized culture(s) in 0.070611 seconds
[2019.09.30-01.40.46:654][  0]LogUObjectArray: 43444 objects as part of root set at end of initial load.
[2019.09.30-01.40.46:654][  0]LogUObjectAllocator: 7548648 out of 0 bytes used by permanent object pool.
[2019.09.30-01.40.46:654][  0]LogUObjectArray: CloseDisregardForGC: 0/0 objects in disregard for GC pool
[2019.09.30-01.40.47:727][  0]LogTcpMessaging: Initializing TcpMessaging bridge
[2019.09.30-01.40.47:731][  0]LogUdpMessaging: Initializing bridge on interface 0.0.0.0:0 to multicast group 230.0.0.1:6666.
[2019.09.30-01.40.47:804][  0]SourceControl: Source control is disabled
[2019.09.30-01.40.47:804][  0]SourceControl: Source control is disabled
[2019.09.30-01.40.47:805][  0]SourceControl: Source control is disabled
[2019.09.30-01.40.47:807][  0]SourceControl: Source control is disabled
[2019.09.30-01.40.47:817][  0]LogVSAccessor: Display: Unable to create Visual Studio setup instance: 80040154
[2019.09.30-01.40.47:818][  0]LogVSAccessor: Display: Unable to create Visual Studio setup instance: 80040154
[2019.09.30-01.40.47:951][  0]LogAndroidPermission: UAndroidPermissionCallbackProxy::GetInstance
[2019.09.30-01.40.48:159][  0]LogOcInput: OculusInput pre-init called
[2019.09.30-01.40.48:882][  0]LogEngine: Initializing Engine...
[2019.09.30-01.40.48:882][  0]LogHMD: Oculus plugin initialized. Version: 4.23.0-8386587+++UE4+Release-4.23, OVRPlugin: 1.37.0
[2019.09.30-01.40.48:883][  0]LogStats: UGameplayTagsManager::InitializeManager -  0.000 s
[2019.09.30-01.40.49:163][  0]LogInit: Initializing FReadOnlyCVARCache
[2019.09.30-01.40.49:185][  0]LogAIModule: Creating AISystem for world Untitled
[2019.09.30-01.40.49:214][  0]LogInit: XAudio2 using 'Speakers (USB Audio CODEC )' : 2 channels at 48 kHz using 16 bits per sample (channel mask 0x3)
[2019.09.30-01.40.49:233][  0]LogInit: FAudioDevice initialized.
[2019.09.30-01.40.49:233][  0]LogNetVersion: Set ProjectVersion to 1.0.0.0. Version Checksum will be recalculated on next use.
[2019.09.30-01.40.49:314][  0]LogDerivedDataCache: Saved boot cache 0.08s 93MB C:/Users/hanli/AppData/Local/UnrealEngine/4.23/DerivedDataCache/Boot.ddc.
[2019.09.30-01.40.49:325][  0]LogInit: Texture streaming: Enabled
[2019.09.30-01.40.49:354][  0]LogEngineSessionManager: EngineSessionManager initialized
[2019.09.30-01.40.49:442][  0]LogInit: Transaction tracking system initialized
[2019.09.30-01.40.49:490][  0]BlueprintLog: New page: Editor Load
[2019.09.30-01.40.49:600][  0]LocalizationService: Localization service is disabled
[2019.09.30-01.40.49:697][  0]LogVSAccessor: Display: Unable to create Visual Studio setup instance: 80040154
[2019.09.30-01.40.49:697][  0]LogVSAccessor: Display: Unable to create Visual Studio setup instance: 80040154
[2019.09.30-01.40.49:926][  0]LogFileCache: Scanning file cache for directory 'C:/Users/hanli/Documents/4Elements/ElementsGame/Content/' took 0.01s
[2019.09.30-01.40.49:926][  0]LogCook: Display: Max memory allowance for cook 16384mb min free memory 0mb
[2019.09.30-01.40.49:927][  0]LogCook: Display: Mobile HDR setting 1
[2019.09.30-01.40.50:169][  0]SourceControl: Source control is disabled
[2019.09.30-01.40.50:169][  0]Cmd: MAP LOAD FILE="../../../../../../Users/hanli/Documents/4Elements/ElementsGame/Content/VirtualRealityBP/Maps/StartupMap.umap" TEMPLATE=0 SHOWPROGRESS=1 FEATURELEVEL=3
[2019.09.30-01.40.50:169][  0]LightingResults: New page: Lighting Build
[2019.09.30-01.40.50:173][  0]LogWorld: UWorld::CleanupWorld for Untitled, bSessionEnded=true, bCleanupResources=true
[2019.09.30-01.40.50:173][  0]MapCheck: New page: Map Check
[2019.09.30-01.40.50:173][  0]LightingResults: New page: Lighting Build
[2019.09.30-01.40.50:220][  0]LogUObjectHash: Compacting FUObjectHashTables data took   2.00ms
[2019.09.30-01.40.50:327][  0]LogAIModule: Creating AISystem for world StartupMap
[2019.09.30-01.40.50:332][  0]LogEditorServer: Finished looking for orphan Actors (0.000 secs)
[2019.09.30-01.40.50:381][  0]LogUObjectHash: Compacting FUObjectHashTables data took   2.23ms
[2019.09.30-01.40.50:381][  0]Cmd: MAP CHECKDEP NOCLEARLOG
[2019.09.30-01.40.50:382][  0]MapCheck: Map check complete: 0 Error(s), 0 Warning(s), took 0.289ms to complete.
[2019.09.30-01.40.50:382][  0]LogFileHelpers: Loading map 'StartupMap' took 0.213
[2019.09.30-01.40.50:526][  0]LogSlate: Updating window title bar state: overlay mode, drag disabled, window buttons hidden, title bar hidden
[2019.09.30-01.40.50:535][  0]LogSlate: Updating window title bar state: overlay mode, drag disabled, window buttons hidden, title bar hidden
[2019.09.30-01.40.50:543][  0]LogSlate: Updating window title bar state: overlay mode, drag disabled, window buttons hidden, title bar hidden
[2019.09.30-01.40.50:551][  0]LogSlate: Updating window title bar state: overlay mode, drag disabled, window buttons hidden, title bar hidden
[2019.09.30-01.40.50:574][  0]LogCollectionManager: Loaded 0 collections in 0.002541 seconds
[2019.09.30-01.40.50:582][  0]LogFileCache: Scanning file cache for directory 'C:/Users/hanli/Documents/4Elements/ElementsGame/Saved/Collections/' took 0.00s
[2019.09.30-01.40.50:582][  0]LogFileCache: Scanning file cache for directory 'C:/Users/hanli/Documents/4Elements/ElementsGame/Content/Developers/hanli/Collections/' took 0.00s
[2019.09.30-01.40.50:582][  0]LogFileCache: Scanning file cache for directory 'C:/Users/hanli/Documents/4Elements/ElementsGame/Content/Collections/' took 0.00s
[2019.09.30-01.40.50:582][  0]LogCollectionManager: Rebuilt the GUID cache for 0 collections in 0.000002 seconds
[2019.09.30-01.40.50:593][  0]LogContentBrowser: Native class hierarchy populated in 0.0106 seconds. Added 2864 classes and 682 folders.
[2019.09.30-01.40.50:601][  0]LogContentBrowser: Native class hierarchy updated for 'WidgetCarousel' in 0.0003 seconds. Added 0 classes and 0 folders.
[2019.09.30-01.40.50:649][  0]LogContentBrowser: Native class hierarchy updated for 'AddContentDialog' in 0.0003 seconds. Added 0 classes and 0 folders.
[2019.09.30-01.40.50:663][  0]LogSlate: Took 0.000258 seconds to synchronously load lazily loaded font '../../../Engine/Content/Slate/Fonts/Roboto-Regular.ttf' (155K)
[2019.09.30-01.40.50:665][  0]LogSlate: Took 0.000315 seconds to synchronously load lazily loaded font '../../../Engine/Content/Slate/Fonts/Roboto-Bold.ttf' (160K)
[2019.09.30-01.40.50:672][  0]LogSlate: Took 0.000208 seconds to synchronously load lazily loaded font '../../../Engine/Content/Editor/Slate/Fonts/FontAwesome.ttf' (139K)
[2019.09.30-01.40.50:742][  0]LogRenderer: Reallocating scene render targets to support 1120x620 Format 26 NumSamples 1 (Frame:1).
[2019.09.30-01.40.50:838][  0]LogContentBrowser: Native class hierarchy updated for 'HierarchicalLODOutliner' in 0.0003 seconds. Added 0 classes and 0 folders.
[2019.09.30-01.40.50:838][  0]LogLoad: (Engine Initialization) Total time: 9.22 seconds
[2019.09.30-01.40.50:838][  0]LogLoad: (Engine Initialization) Total Blueprint compile time: 0.00 seconds
[2019.09.30-01.40.50:851][  0]LogOcInput: OculusInput is initialized
[2019.09.30-01.40.50:897][  0]LogContentStreaming: Texture pool size now 1000 MB
[2019.09.30-01.40.50:922][  0]LogSlate: Took 0.000149 seconds to synchronously load lazily loaded font '../../../Engine/Content/Slate/Fonts/Roboto-Light.ttf' (167K)
[2019.09.30-01.40.50:953][  1]LogAssetRegistry: Asset discovery search completed in 5.4187 seconds
[2019.09.30-01.40.50:956][  1]LogCollectionManager: Rebuilt the object cache for 0 collections in 0.000005 seconds (found 0 objects)
[2019.09.30-01.40.50:956][  1]LogCollectionManager: Fixed up redirectors for 0 collections in 0.000078 seconds (updated 0 objects)
[2019.09.30-01.40.53:734][310]LogSlate: FSceneViewport::OnFocusLost() reason 0
[2019.09.30-01.40.55:697][527]LogSlate: Took 0.000214 seconds to synchronously load lazily loaded font '../../../Engine/Content/Slate/Fonts/Roboto-Light.ttf' (167K)
[2019.09.30-01.40.56:093][527]LogAIModule: Creating AISystem for world Level1
[2019.09.30-01.40.56:111][527]LogAssetEditorManager: Opening Asset editor for World /Game/VirtualRealityBP/Maps/Level1.Level1
[2019.09.30-01.40.56:175][527]LogUObjectHash: Compacting FUObjectHashTables data took   3.31ms
[2019.09.30-01.40.56:176][527]Cmd: MAP LOAD FILE="../../../../../../Users/hanli/Documents/4Elements/ElementsGame/Content/VirtualRealityBP/Maps/Level1.umap" TEMPLATE=0 SHOWPROGRESS=1 FEATURELEVEL=3
[2019.09.30-01.40.56:176][527]LightingResults: New page: Lighting Build
[2019.09.30-01.40.56:177][527]LoadErrors: New page: Loading map: Level1.umap
[2019.09.30-01.40.56:178][527]LogWorld: UWorld::CleanupWorld for StartupMap, bSessionEnded=true, bCleanupResources=true
[2019.09.30-01.40.56:178][527]MapCheck: New page: Map Check
[2019.09.30-01.40.56:178][527]LightingResults: New page: Lighting Build
[2019.09.30-01.40.56:225][527]LogUObjectHash: Compacting FUObjectHashTables data took   2.85ms
[2019.09.30-01.40.56:238][527]LogEditorServer: Finished looking for orphan Actors (0.000 secs)
[2019.09.30-01.40.56:288][527]LogUObjectHash: Compacting FUObjectHashTables data took   2.34ms
[2019.09.30-01.40.56:325][527]Cmd: MAP CHECKDEP NOCLEARLOG
[2019.09.30-01.40.56:327][527]MapCheck: Map check complete: 0 Error(s), 0 Warning(s), took 1.879ms to complete.
[2019.09.30-01.40.56:327][527]LogFileHelpers: Loading map 'Level1' took 0.152
[2019.09.30-01.41.02:586][258]LogTemp: Repeating last play command: VR Preview
[2019.09.30-01.41.02:605][258]LogBlueprintUserMessages: Early PlayInEditor Detection: Level '/Game/VirtualRealityBP/Maps/Level1.Level1:PersistentLevel' has LevelScriptBlueprint '/Game/VirtualRealityBP/Maps/Level1.Level1:PersistentLevel.Level1' with GeneratedClass '/Game/VirtualRealityBP/Maps/Level1.Level1_C' with ClassGeneratedBy '/Game/VirtualRealityBP/Maps/Level1.Level1:PersistentLevel.Level1'
[2019.09.30-01.41.02:605][258]LogPlayLevel: PlayLevel: No blueprints needed recompiling
[2019.09.30-01.41.02:605][258]LogHMD: Initializing OVRPlugin session
[2019.09.30-01.41.02:697][258]LogHMD: Allocating Oculus 3296 x 1776 rendertarget swapchain
[2019.09.30-01.41.02:698][258]PIE: New page: PIE session: Level1 (Sep 29, 2019, 5:41:02 PM)
[2019.09.30-01.41.02:700][258]LogOnline: OSS: Creating online subsystem instance for: NULL
[2019.09.30-01.41.02:701][258]LogPlayLevel: Creating play world package: /Game/VirtualRealityBP/Maps/UEDPIE_0_Level1
[2019.09.30-01.41.02:761][258]LogPlayLevel: PIE: StaticDuplicateObject took: (0.060000s)
[2019.09.30-01.41.02:762][258]LogAIModule: Creating AISystem for world Level1
[2019.09.30-01.41.02:762][258]LogPlayLevel: PIE: World Init took: (0.001039s)
[2019.09.30-01.41.02:762][258]LogPlayLevel: PIE: Created PIE world by copying editor world from /Game/VirtualRealityBP/Maps/Level1.Level1 to /Game/VirtualRealityBP/Maps/UEDPIE_0_Level1.Level1 (0.061374s)
[2019.09.30-01.41.02:806][258]LogUObjectHash: Compacting FUObjectHashTables data took   1.72ms
[2019.09.30-01.41.02:838][258]LogInit: XAudio2 using 'Headphones (2- Rift S)' : 2 channels at 48 kHz using 16 bits per sample (channel mask 0x3)
[2019.09.30-01.41.02:854][258]LogInit: FAudioDevice initialized.
[2019.09.30-01.41.02:874][258]LogSlate: Updating window title bar state: overlay mode, drag disabled, window buttons hidden, title bar hidden
[2019.09.30-01.41.02:899][258]LogLoad: Game class is 'GameModeBase'
[2019.09.30-01.41.02:904][258]LogWorld: Bringing World /Game/VirtualRealityBP/Maps/UEDPIE_0_Level1.Level1 up for play (max tick rate 0) at 2019.09.29-21.41.02
[2019.09.30-01.41.02:904][258]LogWorld: Bringing up level for play took: 0.004780
[2019.09.30-01.41.02:905][258]LogOnline: OSS: Creating online subsystem instance for: :Context_1
[2019.09.30-01.41.02:913][258]LogContentBrowser: Native class hierarchy updated for 'MovieSceneCapture' in 0.0003 seconds. Added 20 classes and 0 folders.
[2019.09.30-01.41.02:922][258]PIE: Play in editor start time for /Game/VirtualRealityBP/Maps/UEDPIE_0_Level1 -0.111
[2019.09.30-01.41.02:923][258]LogBlueprintUserMessages: Late PlayInEditor Detection: Level '/Game/VirtualRealityBP/Maps/Level1.Level1:PersistentLevel' has LevelScriptBlueprint '/Game/VirtualRealityBP/Maps/Level1.Level1:PersistentLevel.Level1' with GeneratedClass '/Game/VirtualRealityBP/Maps/Level1.Level1_C' with ClassGeneratedBy '/Game/VirtualRealityBP/Maps/Level1.Level1:PersistentLevel.Level1'
[2019.09.30-01.41.02:923][258]LogEngine: Changing dynamic resolution state.
[2019.09.30-01.41.02:938][258]LogRenderer: Reallocating scene render targets to support 3296x1776 Format 26 NumSamples 1 (Frame:1).
[2019.09.30-01.41.02:938][258]LogHMD: Allocating Oculus 3296 x 1776 depth rendertarget swapchain
[2019.09.30-01.41.15:838][448]LogBlueprintUserMessages: Early EndPlayMap Detection: Level '/Game/VirtualRealityBP/Maps/Level1.Level1:PersistentLevel' has LevelScriptBlueprint '/Game/VirtualRealityBP/Maps/Level1.Level1:PersistentLevel.Level1' with GeneratedClass '/Game/VirtualRealityBP/Maps/Level1.Level1_C' with ClassGeneratedBy '/Game/VirtualRealityBP/Maps/Level1.Level1:PersistentLevel.Level1'
[2019.09.30-01.41.15:865][448]LogSlate: Updating window title bar state: overlay mode, drag disabled, window buttons hidden, title bar hidden
[2019.09.30-01.41.15:865][448]LogWorld: BeginTearingDown for /Game/VirtualRealityBP/Maps/UEDPIE_0_Level1
[2019.09.30-01.41.15:913][448]LogSlate: Window 'ElementsGame Game Preview Standalone (64-bit/PCD3D_SM5)' being destroyed
[2019.09.30-01.41.15:919][448]LogWorld: UWorld::CleanupWorld for Level1, bSessionEnded=true, bCleanupResources=true
[2019.09.30-01.41.15:932][448]LogPlayLevel: Display: Shutting down PIE online subsystems
[2019.09.30-01.41.15:933][448]LogBlueprintUserMessages: Late EndPlayMap Detection: Level '/Game/VirtualRealityBP/Maps/Level1.Level1:PersistentLevel' has LevelScriptBlueprint '/Game/VirtualRealityBP/Maps/Level1.Level1:PersistentLevel.Level1' with GeneratedClass '/Game/VirtualRealityBP/Maps/Level1.Level1_C' with ClassGeneratedBy '/Game/VirtualRealityBP/Maps/Level1.Level1:PersistentLevel.Level1'
[2019.09.30-01.41.15:995][448]LogUObjectHash: Compacting FUObjectHashTables data took   2.82ms
[2019.09.30-01.41.16:029][449]LogPlayLevel: Display: Destroying online subsystem :Context_1
[2019.09.30-01.41.16:030][449]LogEngine: Changing dynamic resolution state.
[2019.09.30-01.41.20:924][806]LogUObjectHash: Compacting FUObjectHashTables data took   0.87ms
[2019.09.30-01.41.21:016][806]LogSlate: Window 'ElementsGame - Unreal Editor' being destroyed
[2019.09.30-01.41.21:017][806]LogWindowsTextInputMethodSystem: Display: IME system now deactivated.
[2019.09.30-01.41.21:152][807]Cmd: QUIT_EDITOR
[2019.09.30-01.41.21:230][807]LogExit: Preparing to exit.
[2019.09.30-01.41.21:776][807]LogDemo: Cleaned up 0 splitscreen connections with owner deletion
[2019.09.30-01.41.21:781][807]LogExit: Editor shut down
[2019.09.30-01.41.21:782][807]LogExit: Transaction tracking system shut down
[2019.09.30-01.41.21:993][807]LogExit: Object subsystem successfully closed.
[2019.09.30-01.41.22:027][807]LogShaderCompilers: Display: Shaders left to compile 0
[2019.09.30-01.41.22:061][807]LogModuleManager: Shutting down and abandoning module MovieSceneCapture (672)
[2019.09.30-01.41.22:061][807]LogModuleManager: Shutting down and abandoning module Voice (670)
[2019.09.30-01.41.22:061][807]LogModuleManager: Shutting down and abandoning module HierarchicalLODOutliner (668)
[2019.09.30-01.41.22:061][807]LogModuleManager: Shutting down and abandoning module AddContentDialog (666)
[2019.09.30-01.41.22:062][807]LogModuleManager: Shutting down and abandoning module WidgetCarousel (665)
[2019.09.30-01.41.22:062][807]LogModuleManager: Shutting down and abandoning module EditorWidgets (662)
[2019.09.30-01.41.22:062][807]LogModuleManager: Shutting down and abandoning module CollectionManager (660)
[2019.09.30-01.41.22:062][807]LogModuleManager: Shutting down and abandoning module SceneOutliner (658)
[2019.09.30-01.41.22:062][807]LogModuleManager: Shutting down and abandoning module StatsViewer (656)
[2019.09.30-01.41.22:062][807]LogModuleManager: Shutting down and abandoning module VirtualTexturingEditor (654)
[2019.09.30-01.41.22:062][807]LogModuleManager: Shutting down and abandoning module FoliageEdit (652)
[2019.09.30-01.41.22:062][807]LogModuleManager: Shutting down and abandoning module LandscapeEditor (650)
[2019.09.30-01.41.22:062][807]LogModuleManager: Shutting down and abandoning module MeshPaintMode (648)
[2019.09.30-01.41.22:062][807]LogModuleManager: Shutting down and abandoning module SceneDepthPickerMode (646)
[2019.09.30-01.41.22:062][807]LogModuleManager: Shutting down and abandoning module ActorPickerMode (644)
[2019.09.30-01.41.22:062][807]LogModuleManager: Shutting down and abandoning module GeometryMode (642)
[2019.09.30-01.41.22:062][807]LogModuleManager: Shutting down and abandoning module TextureAlignMode (640)
[2019.09.30-01.41.22:062][807]LogModuleManager: Shutting down and abandoning module BspMode (638)
[2019.09.30-01.41.22:062][807]LogModuleManager: Shutting down and abandoning module PIEPreviewDeviceProfileSelector (636)
[2019.09.30-01.41.22:062][807]LogModuleManager: Shutting down and abandoning module SequenceRecorderSections (634)
[2019.09.30-01.41.22:063][807]LogModuleManager: Shutting down and abandoning module AutomationWorker (632)
[2019.09.30-01.41.22:063][807]LogModuleManager: Shutting down and abandoning module OculusMR (630)
[2019.09.30-01.41.22:063][807]LogModuleManager: Shutting down and abandoning module AudioCaptureEditor (628)
[2019.09.30-01.41.22:063][807]LogModuleManager: Shutting down and abandoning module MatineeToLevelSequence (626)
[2019.09.30-01.41.22:063][807]LogModuleManager: Shutting down and abandoning module LevelSequenceEditor (624)
[2019.09.30-01.41.22:063][807]LogModuleManager: Shutting down and abandoning module PlacementMode (623)
[2019.09.30-01.41.22:063][807]LogModuleManager: Shutting down and abandoning module MaterialEditor (622)
[2019.09.30-01.41.22:063][807]LogModuleManager: Shutting down and abandoning module ActorSequenceEditor (618)
[2019.09.30-01.41.22:063][807]LogModuleManager: Shutting down and abandoning module WmfMediaFactory (616)
[2019.09.30-01.41.22:063][807]LogModuleManager: Shutting down and abandoning module WmfMediaEditor (614)
[2019.09.30-01.41.22:063][807]LogModuleManager: Shutting down and abandoning module WebMMediaFactory (612)
[2019.09.30-01.41.22:063][807]LogModuleManager: Shutting down and abandoning module WebMMediaEditor (610)
[2019.09.30-01.41.22:063][807]LogModuleManager: Shutting down and abandoning module WebMMedia (608)
[2019.09.30-01.41.22:063][807]LogModuleManager: Shutting down and abandoning module MediaPlayerEditor (606)
[2019.09.30-01.41.22:063][807]LogModuleManager: Shutting down and abandoning module MediaCompositingEditor (604)
[2019.09.30-01.41.22:063][807]LogModuleManager: Shutting down and abandoning module SequenceRecorder (603)
[2019.09.30-01.41.22:063][807]LogModuleManager: Shutting down and abandoning module OpenExrWrapper (600)
[2019.09.30-01.41.22:063][807]LogModuleManager: Shutting down and abandoning module ImgMediaFactory (598)
[2019.09.30-01.41.22:063][807]LogModuleManager: Shutting down and abandoning module ImgMediaEditor (596)
[2019.09.30-01.41.22:063][807]LogModuleManager: Shutting down and abandoning module AvfMediaFactory (594)
[2019.09.30-01.41.22:063][807]LogModuleManager: Shutting down and abandoning module AvfMediaEditor (592)
[2019.09.30-01.41.22:063][807]LogModuleManager: Shutting down and abandoning module AndroidMediaFactory (590)
[2019.09.30-01.41.22:063][807]LogModuleManager: Shutting down and abandoning module AndroidMediaEditor (588)
[2019.09.30-01.41.22:063][807]LogModuleManager: Shutting down and abandoning module MagicLeapCameraPreviewFactory (586)
[2019.09.30-01.41.22:063][807]LogModuleManager: Shutting down and abandoning module MagicLeapMediaCodecFactory (584)
[2019.09.30-01.41.22:063][807]LogModuleManager: Shutting down and abandoning module MagicLeapMediaFactory (582)
[2019.09.30-01.41.22:063][807]LogModuleManager: Shutting down and abandoning module MagicLeapMediaEditor (580)
[2019.09.30-01.41.22:063][807]LogModuleManager: Shutting down and abandoning module CharacterAI (578)
[2019.09.30-01.41.22:063][807]LogModuleManager: Shutting down and abandoning module SmartSnapping (576)
[2019.09.30-01.41.22:063][807]LogModuleManager: Shutting down and abandoning module SessionServices (574)
[2019.09.30-01.41.22:063][807]LogModuleManager: Shutting down and abandoning module MeshPaint (572)
[2019.09.30-01.41.22:063][807]LogModuleManager: Shutting down and abandoning module ViewportSnapping (570)
[2019.09.30-01.41.22:063][807]LogModuleManager: Shutting down and abandoning module ViewportInteraction (568)
[2019.09.30-01.41.22:063][807]LogModuleManager: Shutting down and abandoning module ClothPainter (566)
[2019.09.30-01.41.22:063][807]LogModuleManager: Shutting down and abandoning module SkeletalMeshEditor (565)
[2019.09.30-01.41.22:063][807]LogModuleManager: Shutting down and abandoning module LogVisualizer (562)
[2019.09.30-01.41.22:063][807]LogModuleManager: Shutting down and abandoning module IntroTutorials (560)
[2019.09.30-01.41.22:063][807]LogModuleManager: Shutting down and abandoning module GameProjectGeneration (559)
[2019.09.30-01.41.22:064][807]LogModuleManager: Shutting down and abandoning module LuminPlatformEditor (556)
[2019.09.30-01.41.22:064][807]LogModuleManager: Shutting down and abandoning module IOSPlatformEditor (554)
[2019.09.30-01.41.22:064][807]LogModuleManager: Shutting down and abandoning module HTML5PlatformEditor (552)
[2019.09.30-01.41.22:064][807]LogModuleManager: Shutting down and abandoning module AndroidPlatformEditor (550)
[2019.09.30-01.41.22:064][807]LogModuleManager: Shutting down and abandoning module AndroidDeviceDetection (549)
[2019.09.30-01.41.22:673][807]LogModuleManager: Shutting down and abandoning module WindowsPlatformEditor (546)
[2019.09.30-01.41.22:673][807]LogModuleManager: Shutting down and abandoning module LuminRuntimeSettings (544)
[2019.09.30-01.41.22:673][807]LogModuleManager: Shutting down and abandoning module IOSRuntimeSettings (542)
[2019.09.30-01.41.22:673][807]LogModuleManager: Shutting down and abandoning module AndroidRuntimeSettings (540)
[2019.09.30-01.41.22:673][807]LogModuleManager: Shutting down and abandoning module TimeManagementEditor (538)
[2019.09.30-01.41.22:673][807]LogModuleManager: Shutting down and abandoning module InputBindingEditor (536)
[2019.09.30-01.41.22:673][807]LogModuleManager: Shutting down and abandoning module MergeActors (534)
[2019.09.30-01.41.22:673][807]LogModuleManager: Shutting down and abandoning module LocalizationDashboard (532)
[2019.09.30-01.41.22:673][807]LogModuleManager: Shutting down and abandoning module LocalizationService (531)
[2019.09.30-01.41.22:673][807]LogModuleManager: Shutting down and abandoning module HardwareTargeting (528)
[2019.09.30-01.41.22:673][807]LogModuleManager: Shutting down and abandoning module DeviceProfileEditor (526)
[2019.09.30-01.41.22:673][807]LogModuleManager: Shutting down and abandoning module UndoHistory (524)
[2019.09.30-01.41.22:673][807]LogModuleManager: Shutting down and abandoning module XmlParser (522)
[2019.09.30-01.41.22:673][807]LogModuleManager: Shutting down and abandoning module Blutility (520)
[2019.09.30-01.41.22:673][807]LogModuleManager: Shutting down and abandoning module ProjectSettingsViewer (518)
[2019.09.30-01.41.22:673][807]LogModuleManager: Shutting down and abandoning module ProjectTargetPlatformEditor (517)
[2019.09.30-01.41.22:673][807]LogModuleManager: Shutting down and abandoning module EditorSettingsViewer (514)
[2019.09.30-01.41.22:673][807]LogModuleManager: Shutting down and abandoning module SettingsEditor (512)
[2019.09.30-01.41.22:673][807]LogModuleManager: Shutting down and abandoning module ProjectLauncher (510)
[2019.09.30-01.41.22:673][807]LogModuleManager: Shutting down and abandoning module SessionFrontend (508)
[2019.09.30-01.41.22:673][807]LogModuleManager: Shutting down and abandoning module ProfilerClient (506)
[2019.09.30-01.41.22:674][807]LogModuleManager: Shutting down and abandoning module DeviceManager (504)
[2019.09.30-01.41.22:674][807]LogModuleManager: Shutting down and abandoning module TargetDeviceServices (503)
[2019.09.30-01.41.22:718][807]LogModuleManager: Shutting down and abandoning module AutomationController (500)
[2019.09.30-01.41.22:718][807]LogModuleManager: Shutting down and abandoning module AutomationWindow (498)
[2019.09.30-01.41.22:718][807]LogModuleManager: Shutting down and abandoning module Layers (496)
[2019.09.30-01.41.22:718][807]LogModuleManager: Shutting down and abandoning module ComponentVisualizers (494)
[2019.09.30-01.41.22:718][807]LogModuleManager: Shutting down and abandoning module DetailCustomizations (492)
[2019.09.30-01.41.22:718][807]LogModuleManager: Shutting down and abandoning module PackagesDialog (490)
[2019.09.30-01.41.22:718][807]LogModuleManager: Shutting down and abandoning module AnimationBlueprintEditor (488)
[2019.09.30-01.41.22:718][807]LogModuleManager: Shutting down and abandoning module Persona (486)
[2019.09.30-01.41.22:718][807]LogModuleManager: Shutting down and abandoning module AdvancedPreviewScene (485)
[2019.09.30-01.41.22:718][807]LogModuleManager: Shutting down and abandoning module AnimGraph (483)
[2019.09.30-01.41.22:718][807]LogModuleManager: Shutting down and abandoning module Kismet (480)
[2019.09.30-01.41.22:719][807]LogModuleManager: Shutting down and abandoning module KismetWidgets (479)
[2019.09.30-01.41.22:719][807]LogModuleManager: Shutting down and abandoning module GraphEditor (476)
[2019.09.30-01.41.22:719][807]LogModuleManager: Shutting down and abandoning module StructViewer (474)
[2019.09.30-01.41.22:719][807]LogModuleManager: Shutting down and abandoning module ClassViewer (472)
[2019.09.30-01.41.22:719][807]LogModuleManager: Shutting down and abandoning module Toolbox (470)
[2019.09.30-01.41.22:719][807]LogModuleManager: Shutting down and abandoning module ModuleUI (468)
[2019.09.30-01.41.22:719][807]LogModuleManager: Shutting down and abandoning module MovieSceneTools (466)
[2019.09.30-01.41.22:719][807]LogModuleManager: Shutting down and abandoning module OutputLog (464)
[2019.09.30-01.41.22:719][807]LogModuleManager: Shutting down and abandoning module GammaUI (462)
[2019.09.30-01.41.22:719][807]LogModuleManager: Shutting down and abandoning module Documentation (460)
[2019.09.30-01.41.22:719][807]LogModuleManager: Shutting down and abandoning module LiveCoding (458)
[2019.09.30-01.41.22:719][807]LogModuleManager: Shutting down and abandoning module LevelSequence (456)
[2019.09.30-01.41.22:719][807]LogModuleManager: Shutting down and abandoning module MovieSceneTracks (454)
[2019.09.30-01.41.22:719][807]LogModuleManager: Shutting down and abandoning module MovieScene (452)
[2019.09.30-01.41.22:720][807]LogModuleManager: Shutting down and abandoning module StreamingPauseRendering (450)
[2019.09.30-01.41.22:720][807]LogModuleManager: Shutting down and abandoning module LauncherPlatform (448)
[2019.09.30-01.41.22:720][807]LogModuleManager: Shutting down and abandoning module AnalyticsET (446)
[2019.09.30-01.41.22:720][807]LogModuleManager: Shutting down and abandoning module PortalServices (444)
[2019.09.30-01.41.22:720][807]LogModuleManager: Shutting down and abandoning module PortalRpc (442)
[2019.09.30-01.41.22:720][807]LogModuleManager: Shutting down and abandoning module MessagingRpc (440)
[2019.09.30-01.41.22:720][807]LogModuleManager: Shutting down and abandoning module AIModule (438)
[2019.09.30-01.41.22:720][807]LogModuleManager: Shutting down and abandoning module GameplayDebugger (437)
[2019.09.30-01.41.22:720][807]LogModuleManager: Shutting down and abandoning module AITestSuite (435)
[2019.09.30-01.41.22:720][807]LogModuleManager: Shutting down and abandoning module NavigationSystem (433)
[2019.09.30-01.41.22:720][807]LogModuleManager: Shutting down and abandoning module DesktopPlatform (430)
[2019.09.30-01.41.22:720][807]LogModuleManager: Shutting down and abandoning module ImageWriteQueue (428)
[2019.09.30-01.41.22:724][807]LogModuleManager: Shutting down and abandoning module ProfilerService (426)
[2019.09.30-01.41.22:861][807]LogModuleManager: Shutting down and abandoning module TaskGraph (424)
[2019.09.30-01.41.22:861][807]LogModuleManager: Shutting down and abandoning module ScreenshotTools (422)
[2019.09.30-01.41.22:861][807]LogModuleManager: Shutting down and abandoning module SteamVRController (420)
[2019.09.30-01.41.22:861][807]LogModuleManager: Shutting down and abandoning module ProceduralMeshComponentEditor (418)
[2019.09.30-01.41.22:861][807]LogModuleManager: Shutting down and abandoning module ProceduralMeshComponent (416)
[2019.09.30-01.41.22:861][807]LogModuleManager: Shutting down and abandoning module OculusEditor (414)
[2019.09.30-01.41.22:861][807]LogModuleManager: Shutting down and abandoning module OculusInput (412)
[2019.09.30-01.41.22:861][807]LogModuleManager: Shutting down and abandoning module MobilePatchingUtils (410)
[2019.09.30-01.41.22:861][807]LogModuleManager: Shutting down and abandoning module EditableMesh (408)
[2019.09.30-01.41.22:861][807]LogModuleManager: Shutting down and abandoning module CustomMeshComponent (406)
[2019.09.30-01.41.22:861][807]LogModuleManager: Shutting down and abandoning module CableComponent (404)
[2019.09.30-01.41.22:861][807]LogModuleManager: Shutting down and abandoning module AudioCapture (402)
[2019.09.30-01.41.22:861][807]LogModuleManager: Shutting down and abandoning module ArchVisCharacter (400)
[2019.09.30-01.41.22:861][807]LogModuleManager: Shutting down and abandoning module AppleImageUtilsBlueprintSupport (398)
[2019.09.30-01.41.22:861][807]LogModuleManager: Shutting down and abandoning module AppleImageUtils (396)
[2019.09.30-01.41.22:861][807]LogModuleManager: Shutting down and abandoning module AndroidPermission (394)
[2019.09.30-01.41.22:861][807]LogModuleManager: Shutting down and abandoning module NUTUnrealEngine4 (392)
[2019.09.30-01.41.22:861][807]LogModuleManager: Shutting down and abandoning module NetcodeUnitTest (390)
[2019.09.30-01.41.22:861][807]LogModuleManager: Shutting down and abandoning module MediaCompositing (388)
[2019.09.30-01.41.22:861][807]LogModuleManager: Shutting down and abandoning module ImgMedia (386)
[2019.09.30-01.41.22:861][807]LogModuleManager: Shutting down and abandoning module MagicLeapHelperVulkan (384)
[2019.09.30-01.41.22:861][807]LogModuleManager: Shutting down and abandoning module MagicLeapHelperOpenGL (382)
[2019.09.30-01.41.22:861][807]LogModuleManager: Shutting down and abandoning module MagicLeapAudio (380)
[2019.09.30-01.41.22:861][807]LogModuleManager: Shutting down and abandoning module HTML5Networking (378)
[2019.09.30-01.41.22:861][807]LogModuleManager: Shutting down and abandoning module GeometryCacheTracks (376)
[2019.09.30-01.41.22:861][807]LogModuleManager: Shutting down and abandoning module GeometryCacheSequencer (374)
[2019.09.30-01.41.22:861][807]LogModuleManager: Shutting down and abandoning module BackChannel (372)
[2019.09.30-01.41.22:861][807]LogModuleManager: Shutting down and abandoning module AutomationUtilsEditor (370)
[2019.09.30-01.41.22:861][807]LogModuleManager: Shutting down and abandoning module AutomationUtils (368)
[2019.09.30-01.41.22:861][807]LogModuleManager: Shutting down and abandoning module AlembicImporter (366)
[2019.09.30-01.41.22:861][807]LogModuleManager: Shutting down and abandoning module AlembicLibrary (365)
[2019.09.30-01.41.22:861][807]LogModuleManager: Shutting down and abandoning module GeometryCache (364)
[2019.09.30-01.41.22:862][807]LogModuleManager: Shutting down and abandoning module GeometryCacheEd (363)
[2019.09.30-01.41.22:862][807]LogModuleManager: Shutting down and abandoning module VariantManagerContent (358)
[2019.09.30-01.41.22:862][807]LogModuleManager: Shutting down and abandoning module DatasmithContentEditor (356)
[2019.09.30-01.41.22:862][807]LogModuleManager: Shutting down and abandoning module SpeedTreeImporter (354)
[2019.09.30-01.41.22:862][807]LogModuleManager: Shutting down and abandoning module PluginBrowser (352)
[2019.09.30-01.41.22:862][807]LogModuleManager: Shutting down and abandoning module MobileLauncherProfileWizard (350)
[2019.09.30-01.41.22:862][807]LogModuleManager: Shutting down and abandoning module MaterialAnalyzer (348)
[2019.09.30-01.41.22:862][807]LogModuleManager: Shutting down and abandoning module CurveEditorTools (346)
[2019.09.30-01.41.22:862][807]LogModuleManager: Shutting down and abandoning module CurveEditor (345)
[2019.09.30-01.41.22:862][807]LogModuleManager: Shutting down and abandoning module CryptoKeysOpenSSL (342)
[2019.09.30-01.41.22:862][807]LogModuleManager: Shutting down and abandoning module CryptoKeys (340)
[2019.09.30-01.41.22:862][807]LogModuleManager: Shutting down and abandoning module VisualStudioSourceCodeAccess (338)
[2019.09.30-01.41.22:862][807]LogModuleManager: Shutting down and abandoning module VisualStudioCodeSourceCodeAccess (336)
[2019.09.30-01.41.22:862][807]LogModuleManager: Shutting down and abandoning module UObjectPlugin (334)
[2019.09.30-01.41.22:862][807]LogModuleManager: Shutting down and abandoning module SubversionSourceControl (332)
[2019.09.30-01.41.22:862][807]LogModuleManager: Shutting down and abandoning module PerforceSourceControl (330)
[2019.09.30-01.41.22:862][807]LogModuleManager: Shutting down and abandoning module GitSourceControl (328)
[2019.09.30-01.41.22:862][807]LogModuleManager: Shutting down and abandoning module SourceControl (327)
[2019.09.30-01.41.22:862][807]LogModuleManager: Shutting down and abandoning module CLionSourceCodeAccess (324)
[2019.09.30-01.41.22:862][807]LogModuleManager: Shutting down and abandoning module AnimationSharingEd (322)
[2019.09.30-01.41.22:862][807]LogModuleManager: Shutting down and abandoning module ActorLayerUtilitiesEditor (320)
[2019.09.30-01.41.22:862][807]LogModuleManager: Shutting down and abandoning module ActorLayerUtilities (318)
[2019.09.30-01.41.22:862][807]LogModuleManager: Shutting down and abandoning module LightPropagationVolumeEditor (316)
[2019.09.30-01.41.22:862][807]LogModuleManager: Shutting down and abandoning module PaperTiledImporter (314)
[2019.09.30-01.41.22:862][807]LogModuleManager: Shutting down and abandoning module PaperSpriteSheetImporter (312)
[2019.09.30-01.41.22:862][807]LogModuleManager: Shutting down and abandoning module Paper2DEditor (310)
[2019.09.30-01.41.22:862][807]LogModuleManager: Shutting down and abandoning module SignificanceManager (308)
[2019.09.30-01.41.22:862][807]LogModuleManager: Shutting down and abandoning module RuntimePhysXCooking (306)
[2019.09.30-01.41.22:862][807]LogModuleManager: Shutting down and abandoning module PhysXVehiclesEditor (304)
[2019.09.30-01.41.22:862][807]LogModuleManager: Shutting down and abandoning module LocationServicesBPLibrary (300)
[2019.09.30-01.41.22:862][807]LogModuleManager: Shutting down and abandoning module ActorSequence (298)
[2019.09.30-01.41.22:862][807]LogModuleManager: Shutting down and abandoning module UdpMessaging (296)
[2019.09.30-01.41.22:963][807]LogModuleManager: Shutting down and abandoning module TcpMessaging (294)
[2019.09.30-01.41.23:064][807]LogModuleManager: Shutting down and abandoning module MagicLeapIdentity (292)
[2019.09.30-01.41.23:064][807]LogModuleManager: Shutting down and abandoning module MagicLeapSecureStorage (290)
[2019.09.30-01.41.23:064][807]LogModuleManager: Shutting down and abandoning module MagicLeapHandTracking (288)
[2019.09.30-01.41.23:064][807]LogModuleManager: Shutting down and abandoning module MagicLeapEyeTracker (286)
[2019.09.30-01.41.23:064][807]LogModuleManager: Shutting down and abandoning module MagicLeapController (284)
[2019.09.30-01.41.23:064][807]LogSlate: Slate User Destroyed.  User Index 0, Is Virtual User: 0
[2019.09.30-01.41.23:064][807]LogModuleManager: Shutting down and abandoning module MagicLeapAR (282)
[2019.09.30-01.41.23:064][807]LogModuleManager: Shutting down and abandoning module AugmentedReality (281)
[2019.09.30-01.41.23:064][807]LogModuleManager: Shutting down and abandoning module GameplayTagsEditor (278)
[2019.09.30-01.41.23:064][807]LogModuleManager: Shutting down and abandoning module FacialAnimationEditor (276)
[2019.09.30-01.41.23:064][807]LogModuleManager: Shutting down and abandoning module FacialAnimation (274)
[2019.09.30-01.41.23:064][807]LogModuleManager: Shutting down and abandoning module DataValidation (272)
[2019.09.30-01.41.23:064][807]LogModuleManager: Shutting down and abandoning module AssetManagerEditor (270)
[2019.09.30-01.41.23:064][807]LogModuleManager: Shutting down and abandoning module LevelEditor (269)
[2019.09.30-01.41.23:065][807]LogModuleManager: Shutting down and abandoning module PixelInspectorModule (268)
[2019.09.30-01.41.23:065][807]LogModuleManager: Shutting down and abandoning module CommonMenuExtensions (266)
[2019.09.30-01.41.23:065][807]LogModuleManager: Shutting down and abandoning module MainFrame (264)
[2019.09.30-01.41.23:065][807]LogModuleManager: Shutting down and abandoning module HotReload (263)
[2019.09.30-01.41.23:066][807]LogModuleManager: Shutting down and abandoning module ContentBrowser (259)
[2019.09.30-01.41.23:067][807]LogModuleManager: Shutting down and abandoning module TreeMap (257)
[2019.09.30-01.41.23:067][807]LogModuleManager: Shutting down and abandoning module AnimationSharing (254)
[2019.09.30-01.41.23:067][807]LogModuleManager: Shutting down and abandoning module LightPropagationVolumeRuntime (252)
[2019.09.30-01.41.23:067][807]LogModuleManager: Shutting down and abandoning module Paper2D (250)
[2019.09.30-01.41.23:067][807]LogModuleManager: Shutting down and abandoning module WindowsMoviePlayer (248)
[2019.09.30-01.41.23:067][807]LogModuleManager: Shutting down and abandoning module WebMMoviePlayer (246)
[2019.09.30-01.41.23:067][807]LogModuleManager: Shutting down and abandoning module NetworkReplayStreaming (244)
[2019.09.30-01.41.23:067][807]LogModuleManager: Shutting down and abandoning module PacketHandler (242)
[2019.09.30-01.41.23:067][807]LogModuleManager: Shutting down and abandoning module ClothingSystemEditor (240)
[2019.09.30-01.41.23:067][807]LogModuleManager: Shutting down and abandoning module ClothingSystemRuntime (238)
[2019.09.30-01.41.23:068][807]LogModuleManager: Shutting down and abandoning module MediaAssets (236)
[2019.09.30-01.41.23:068][807]LogModuleManager: Shutting down and abandoning module Overlay (234)
[2019.09.30-01.41.23:068][807]LogModuleManager: Shutting down and abandoning module OverlayEditor (233)
[2019.09.30-01.41.23:068][807]LogModuleManager: Shutting down and abandoning module VREditor (230)
[2019.09.30-01.41.23:068][807]LogModuleManager: Shutting down and abandoning module StringTableEditor (228)
[2019.09.30-01.41.23:068][807]LogModuleManager: Shutting down and abandoning module GameplayTasksEditor (226)
[2019.09.30-01.41.23:068][807]LogModuleManager: Shutting down and abandoning module BehaviorTreeEditor (224)
[2019.09.30-01.41.23:068][807]LogModuleManager: Shutting down and abandoning module FunctionalTesting (222)
[2019.09.30-01.41.23:068][807]LogModuleManager: Shutting down and abandoning module CollisionAnalyzer (220)
[2019.09.30-01.41.23:068][807]LogModuleManager: Shutting down and abandoning module WorkspaceMenuStructure (219)
[2019.09.30-01.41.23:068][807]LogModuleManager: Shutting down and abandoning module UMG (216)
[2019.09.30-01.41.23:068][807]LogModuleManager: Shutting down and abandoning module UMGEditor (215)
[2019.09.30-01.41.23:068][807]LogModuleManager: Shutting down and abandoning module Sequencer (214)
[2019.09.30-01.41.23:068][807]LogModuleManager: Shutting down and abandoning module MessageLog (211)
[2019.09.30-01.41.23:068][807]LogModuleManager: Shutting down and abandoning module SlateReflector (206)
[2019.09.30-01.41.23:068][807]LogModuleManager: Shutting down and abandoning module Slate (204)
[2019.09.30-01.41.23:068][807]LogModuleManager: Shutting down and abandoning module LandscapeEditorUtilities (202)
[2019.09.30-01.41.23:068][807]LogModuleManager: Shutting down and abandoning module EditorStyle (200)
[2019.09.30-01.41.23:070][807]LogModuleManager: Shutting down and abandoning module UnrealEd (198)
[2019.09.30-01.41.23:070][807]LogModuleManager: Shutting down and abandoning module MRMesh (196)
[2019.09.30-01.41.23:070][807]LogModuleManager: Shutting down and abandoning module SourceCodeAccess (194)
[2019.09.30-01.41.23:070][807]LogModuleManager: Shutting down and abandoning module HeadMountedDisplay (192)
[2019.09.30-01.41.23:070][807]LogModuleManager: Shutting down and abandoning module XAudio2 (190)
[2019.09.30-01.41.23:070][807]LogModuleManager: Shutting down and abandoning module Networking (188)
[2019.09.30-01.41.23:070][807]LogModuleManager: Shutting down and abandoning module Core (186)
[2019.09.30-01.41.23:070][807]LogModuleManager: Shutting down and abandoning module KismetCompiler (184)
[2019.09.30-01.41.23:070][807]LogModuleManager: Shutting down and abandoning module MeshUtilities (182)
[2019.09.30-01.41.23:070][807]LogModuleManager: Shutting down and abandoning module MeshMergeUtilities (181)
[2019.09.30-01.41.23:070][807]LogModuleManager: Shutting down and abandoning module MeshReductionInterface (180)
[2019.09.30-01.41.23:070][807]LogModuleManager: Shutting down and abandoning module SkeletalMeshReduction (179)
[2019.09.30-01.41.23:070][807]LogModuleManager: Shutting down and abandoning module ProxyLODMeshReduction (177)
[2019.09.30-01.41.23:071][807]LogModuleManager: Shutting down and abandoning module QuadricMeshReduction (175)
[2019.09.30-01.41.23:071][807]LogModuleManager: Shutting down and abandoning module MaterialBaking (171)
[2019.09.30-01.41.23:071][807]LogModuleManager: Shutting down and abandoning module NullInstallBundleManager (166)
[2019.09.30-01.41.23:071][807]LogModuleManager: Shutting down and abandoning module DerivedDataCache (164)
[2019.09.30-01.41.23:472][807]LogDerivedDataCache: Shutdown
[2019.09.30-01.41.23:472][807]LogModuleManager: Shutting down and abandoning module XGEController (162)
[2019.09.30-01.41.23:472][807]LogModuleManager: Shutting down and abandoning module TargetPlatform (160)
[2019.09.30-01.41.23:472][807]LogModuleManager: Shutting down and abandoning module VulkanShaderFormat (159)
[2019.09.30-01.41.23:472][807]LogModuleManager: Shutting down and abandoning module ShaderFormatVectorVM (157)
[2019.09.30-01.41.23:472][807]LogModuleManager: Shutting down and abandoning module ShaderFormatOpenGL (155)
[2019.09.30-01.41.23:472][807]LogModuleManager: Shutting down and abandoning module ShaderFormatD3D (153)
[2019.09.30-01.41.23:472][807]LogModuleManager: Shutting down and abandoning module MetalShaderFormat (151)
[2019.09.30-01.41.23:472][807]LogModuleManager: Shutting down and abandoning module TextureFormatUncompressed (149)
[2019.09.30-01.41.23:472][807]LogModuleManager: Shutting down and abandoning module TextureFormatPVR (147)
[2019.09.30-01.41.23:472][807]LogModuleManager: Shutting down and abandoning module TextureFormatDXT (145)
[2019.09.30-01.41.23:472][807]LogModuleManager: Shutting down and abandoning module TextureFormatIntelISPCTexComp (143)
[2019.09.30-01.41.23:472][807]LogModuleManager: Shutting down and abandoning module TextureFormatASTC (141)
[2019.09.30-01.41.23:472][807]LogModuleManager: Shutting down and abandoning module ImageWrapper (140)
[2019.09.30-01.41.23:472][807]LogModuleManager: Shutting down and abandoning module TextureFormatAndroid (137)
[2019.09.30-01.41.23:472][807]LogModuleManager: Shutting down and abandoning module AudioFormatOpus (135)
[2019.09.30-01.41.23:472][807]LogModuleManager: Shutting down and abandoning module AudioFormatOgg (133)
[2019.09.30-01.41.23:472][807]LogModuleManager: Shutting down and abandoning module AudioFormatADPCM (131)
[2019.09.30-01.41.23:472][807]LogModuleManager: Shutting down and abandoning module LuminTargetPlatform (129)
[2019.09.30-01.41.23:473][807]LogModuleManager: Shutting down and abandoning module LinuxTargetPlatform (127)
[2019.09.30-01.41.23:473][807]LogModuleManager: Shutting down and abandoning module LinuxServerTargetPlatform (125)
[2019.09.30-01.41.23:473][807]LogModuleManager: Shutting down and abandoning module LinuxNoEditorTargetPlatform (123)
[2019.09.30-01.41.23:473][807]LogModuleManager: Shutting down and abandoning module LinuxClientTargetPlatform (121)
[2019.09.30-01.41.23:473][807]LogModuleManager: Shutting down and abandoning module TVOSTargetPlatform (119)
[2019.09.30-01.41.23:474][807]LogModuleManager: Shutting down and abandoning module Messaging (117)
[2019.09.30-01.41.23:474][807]LogModuleManager: Shutting down and abandoning module IOSTargetPlatform (115)
[2019.09.30-01.41.23:474][807]LogModuleManager: Shutting down and abandoning module HTML5TargetPlatform (113)
[2019.09.30-01.41.23:474][807]LogModuleManager: Shutting down and abandoning module AndroidTargetPlatform (111)
[2019.09.30-01.41.23:480][807]LogModuleManager: Shutting down and abandoning module WindowsTargetPlatform (109)
[2019.09.30-01.41.23:480][807]LogModuleManager: Shutting down and abandoning module WindowsServerTargetPlatform (107)
[2019.09.30-01.41.23:480][807]LogModuleManager: Shutting down and abandoning module WindowsNoEditorTargetPlatform (105)
[2019.09.30-01.41.23:480][807]LogModuleManager: Shutting down and abandoning module WindowsClientTargetPlatform (103)
[2019.09.30-01.41.23:480][807]LogModuleManager: Shutting down and abandoning module MacTargetPlatform (101)
[2019.09.30-01.41.23:480][807]LogModuleManager: Shutting down and abandoning module MacServerTargetPlatform (99)
[2019.09.30-01.41.23:480][807]LogModuleManager: Shutting down and abandoning module MacNoEditorTargetPlatform (97)
[2019.09.30-01.41.23:480][807]LogModuleManager: Shutting down and abandoning module MacClientTargetPlatform (95)
[2019.09.30-01.41.23:480][807]LogModuleManager: Shutting down and abandoning module AllDesktopTargetPlatform (93)
[2019.09.30-01.41.23:480][807]LogModuleManager: Shutting down and abandoning module InputCore (90)
[2019.09.30-01.41.23:480][807]LogModuleManager: Shutting down and abandoning module Settings (88)
[2019.09.30-01.41.23:480][807]LogModuleManager: Shutting down and abandoning module DirectoryWatcher (86)
[2019.09.30-01.41.23:480][807]LogModuleManager: Shutting down and abandoning module PhysXCooking (84)
[2019.09.30-01.41.23:480][807]LogModuleManager: Shutting down and abandoning module WindowsPlatformFeatures (82)
[2019.09.30-01.41.23:480][807]LogModuleManager: Shutting down and abandoning module GameplayMediaEncoder (81)
[2019.09.30-01.41.23:480][807]LogModuleManager: Shutting down and abandoning module SteamVR (78)
[2019.09.30-01.41.23:480][807]LogHMD: Freeing OpenVRDLLHandle.
[2019.09.30-01.41.23:480][807]LogModuleManager: Shutting down and abandoning module OculusHMD (76)
[2019.09.30-01.41.23:480][807]LogModuleManager: Shutting down and abandoning module ExampleDeviceProfileSelector (74)
[2019.09.30-01.41.23:480][807]LogModuleManager: Shutting down and abandoning module LauncherChunkInstaller (72)
[2019.09.30-01.41.23:480][807]LogModuleManager: Shutting down and abandoning module OnlineBlueprintSupport (70)
[2019.09.30-01.41.23:480][807]LogModuleManager: Shutting down and abandoning module OnlineSubsystem (66)
[2019.09.30-01.41.23:481][807]LogModuleManager: Shutting down and abandoning module XMPP (61)
[2019.09.30-01.41.23:481][807]LogModuleManager: Shutting down and abandoning module WebSockets (60)
[2019.09.30-01.41.23:497][807]LogModuleManager: Shutting down and abandoning module HTTP (57)
[2019.09.30-01.41.23:498][807]LogHttp: Display: Http module shutting down, but needs to wait on 1 outstanding Http requests:
[2019.09.30-01.41.23:498][807]LogHttp: Display: 	verb=[POST] url=[https://datarouter.ol.epicgames.com/datarouter/api/v1/public/data?SessionID=%7B0B434753-4C0C-5E8E-8125-8AA39EAAF6BB%7D&AppID=UEEditor.Rocket.Release&AppVersion=4.23.0-8386587%2B%2B%2BUE4%2BRelease-4.23&UserID=3daf68ee42f67ed35d69b0916f98bb28%7C36e58b600d5c419b9a48bc65dc384af7%7Ca5b3662a-547d-4355-8bdb-f22bf75bc695&AppEnvironment=datacollector-binary&UploadType=eteventstream] status=Processing
[2019.09.30-01.41.23:519][807]LogModuleManager: Shutting down and abandoning module SSL (56)
[2019.09.30-01.41.23:520][807]LogModuleManager: Shutting down and abandoning module WmfMedia (52)
[2019.09.30-01.41.23:522][807]LogModuleManager: Shutting down and abandoning module Media (51)
[2019.09.30-01.41.23:522][807]LogModuleManager: Shutting down and abandoning module MagicLeap (48)
[2019.09.30-01.41.23:522][807]LogModuleManager: Shutting down and abandoning module DatasmithContent (46)
[2019.09.30-01.41.23:523][807]LogModuleManager: Shutting down and abandoning module AISupportModule (44)
[2019.09.30-01.41.23:523][807]LogModuleManager: Shutting down and abandoning module PlatformCryptoOpenSSL (42)
[2019.09.30-01.41.23:523][807]LogModuleManager: Shutting down and abandoning module PlatformCrypto (40)
[2019.09.30-01.41.23:523][807]LogModuleManager: Shutting down and abandoning module AnimationModifiers (38)
[2019.09.30-01.41.23:523][807]LogModuleManager: Shutting down and abandoning module PropertyEditor (37)
[2019.09.30-01.41.23:523][807]LogModuleManager: Shutting down and abandoning module AudioEditor (34)
[2019.09.30-01.41.23:523][807]LogModuleManager: Shutting down and abandoning module TextureCompressor (32)
[2019.09.30-01.41.23:523][807]LogModuleManager: Shutting down and abandoning module RenderCore (30)
[2019.09.30-01.41.23:523][807]LogModuleManager: Shutting down and abandoning module Landscape (28)
[2019.09.30-01.41.23:523][807]LogModuleManager: Shutting down and abandoning module SlateRHIRenderer (26)
[2019.09.30-01.41.23:524][807]LogModuleManager: Shutting down and abandoning module OpenGLDrv (24)
[2019.09.30-01.41.23:524][807]LogModuleManager: Shutting down and abandoning module D3D11RHI (22)
[2019.09.30-01.41.23:524][807]LogModuleManager: Shutting down and abandoning module AnimGraphRuntime (20)
[2019.09.30-01.41.23:524][807]LogModuleManager: Shutting down and abandoning module Renderer (18)
[2019.09.30-01.41.23:524][807]LogModuleManager: Shutting down and abandoning module Engine (16)
[2019.09.30-01.41.23:524][807]LogModuleManager: Shutting down and abandoning module CoreUObject (14)
[2019.09.30-01.41.23:524][807]LogModuleManager: Shutting down and abandoning module NetworkFile (12)
[2019.09.30-01.41.23:524][807]LogModuleManager: Shutting down and abandoning module CookedIterativeFile (10)
[2019.09.30-01.41.23:524][807]LogModuleManager: Shutting down and abandoning module StreamingFile (8)
[2019.09.30-01.41.23:524][807]LogModuleManager: Shutting down and abandoning module SandboxFile (6)
[2019.09.30-01.41.23:524][807]LogModuleManager: Shutting down and abandoning module PakFile (4)
[2019.09.30-01.41.23:524][807]LogModuleManager: Shutting down and abandoning module RSA (3)
[2019.09.30-01.41.23:524][807]LogD3D11RHI: Shutdown
[2019.09.30-01.41.23:524][807]LogD3D11RHI: CleanupD3DDevice
[2019.09.30-01.41.23:525][807]LogRendererCore: FGlobalDynamicReadBuffer::Cleanup()
[2019.09.30-01.41.23:525][807]LogRendererCore: FGlobalDynamicReadBuffer::Cleanup()
[2019.09.30-01.41.23:525][807]LogRendererCore: FGlobalDynamicReadBuffer::Cleanup()
[2019.09.30-01.41.23:525][807]LogD3D11RHI: ~FD3D11DynamicRHI
[2019.09.30-01.41.23:546][807]LogExit: Exiting.
[2019.09.30-01.41.23:557][807]Log file closed, 09/29/19 21:41:23
